0:0:0:0:0:0:0:1 - - [04/oct./2018:13:00:07 +0200] "GET / HTTP/1.1" 200 - "-" "Mozilla/5.0 (Windows NT 10.0; Win64; x64) AppleWebKit/537.36 (KHTML, like Gecko) Chrome/69.0.3497.100 Safari/537.36" "-"
0:0:0:0:0:0:0:1 - - [04/oct./2018:13:00:07 +0200] "GET /js/main.332c78c0.js HTTP/1.1" 200 - "http://localhost:9000/" "Mozilla/5.0 (Windows NT 10.0; Win64; x64) AppleWebKit/537.36 (KHTML, like Gecko) Chrome/69.0.3497.100 Safari/537.36" "-"
0:0:0:0:0:0:0:1 - - [04/oct./2018:13:00:07 +0200] "GET /js/vendors~main.63e5390b.chunk.js HTTP/1.1" 200 - "http://localhost:9000/" "Mozilla/5.0 (Windows NT 10.0; Win64; x64) AppleWebKit/537.36 (KHTML, like Gecko) Chrome/69.0.3497.100 Safari/537.36" "-"
0:0:0:0:0:0:0:1 - - [04/oct./2018:13:00:08 +0200] "GET /api/l10n/index?locale=fr-FR HTTP/1.1" 200 - "http://localhost:9000/" "Mozilla/5.0 (Windows NT 10.0; Win64; x64) AppleWebKit/537.36 (KHTML, like Gecko) Chrome/69.0.3497.100 Safari/537.36" "-"
0:0:0:0:0:0:0:1 - - [04/oct./2018:13:00:08 +0200] "GET /js/1.87284be4.chunk.js HTTP/1.1" 200 - "http://localhost:9000/" "Mozilla/5.0 (Windows NT 10.0; Win64; x64) AppleWebKit/537.36 (KHTML, like Gecko) Chrome/69.0.3497.100 Safari/537.36" "-"
0:0:0:0:0:0:0:1 - - [04/oct./2018:13:00:08 +0200] "GET /js/0.0a34597f.chunk.js HTTP/1.1" 200 - "http://localhost:9000/" "Mozilla/5.0 (Windows NT 10.0; Win64; x64) AppleWebKit/537.36 (KHTML, like Gecko) Chrome/69.0.3497.100 Safari/537.36" "-"
0:0:0:0:0:0:0:1 - - [04/oct./2018:13:00:08 +0200] "GET /js/app.6acfb91a.chunk.js HTTP/1.1" 200 - "http://localhost:9000/" "Mozilla/5.0 (Windows NT 10.0; Win64; x64) AppleWebKit/537.36 (KHTML, like Gecko) Chrome/69.0.3497.100 Safari/537.36" "-"
0:0:0:0:0:0:0:1 - - [04/oct./2018:13:00:08 +0200] "GET /js/vendors~app.8990ce6c.chunk.js HTTP/1.1" 200 - "http://localhost:9000/" "Mozilla/5.0 (Windows NT 10.0; Win64; x64) AppleWebKit/537.36 (KHTML, like Gecko) Chrome/69.0.3497.100 Safari/537.36" "-"
0:0:0:0:0:0:0:1 - - [04/oct./2018:13:00:08 +0200] "GET /js/368.22984819.chunk.js HTTP/1.1" 200 490 "http://localhost:9000/maintenance?return_to=%2F" "Mozilla/5.0 (Windows NT 10.0; Win64; x64) AppleWebKit/537.36 (KHTML, like Gecko) Chrome/69.0.3497.100 Safari/537.36" "-"
0:0:0:0:0:0:0:1 - - [04/oct./2018:13:00:08 +0200] "GET /js/281.8234b7f6.chunk.js HTTP/1.1" 200 - "http://localhost:9000/maintenance?return_to=%2F" "Mozilla/5.0 (Windows NT 10.0; Win64; x64) AppleWebKit/537.36 (KHTML, like Gecko) Chrome/69.0.3497.100 Safari/537.36" "-"
0:0:0:0:0:0:0:1 - - [04/oct./2018:13:00:09 +0200] "GET /favicon.ico HTTP/1.1" 200 5430 "http://localhost:9000/maintenance?return_to=%2F" "Mozilla/5.0 (Windows NT 10.0; Win64; x64) AppleWebKit/537.36 (KHTML, like Gecko) Chrome/69.0.3497.100 Safari/537.36" "-"
0:0:0:0:0:0:0:1 - - [04/oct./2018:13:00:09 +0200] "GET /api/system/status HTTP/1.1" 200 82 "http://localhost:9000/maintenance?return_to=%2F" "Mozilla/5.0 (Windows NT 10.0; Win64; x64) AppleWebKit/537.36 (KHTML, like Gecko) Chrome/69.0.3497.100 Safari/537.36" "-"
0:0:0:0:0:0:0:1 - - [04/oct./2018:13:00:14 +0200] "GET /api/system/status HTTP/1.1" 200 82 "http://localhost:9000/maintenance?return_to=%2F" "Mozilla/5.0 (Windows NT 10.0; Win64; x64) AppleWebKit/537.36 (KHTML, like Gecko) Chrome/69.0.3497.100 Safari/537.36" "-"
0:0:0:0:0:0:0:1 - - [04/oct./2018:13:00:19 +0200] "GET /api/system/status HTTP/1.1" 200 82 "http://localhost:9000/maintenance?return_to=%2F" "Mozilla/5.0 (Windows NT 10.0; Win64; x64) AppleWebKit/537.36 (KHTML, like Gecko) Chrome/69.0.3497.100 Safari/537.36" "-"
0:0:0:0:0:0:0:1 - - [04/oct./2018:13:00:25 +0200] "GET /api/system/status HTTP/1.1" 200 82 "http://localhost:9000/maintenance?return_to=%2F" "Mozilla/5.0 (Windows NT 10.0; Win64; x64) AppleWebKit/537.36 (KHTML, like Gecko) Chrome/69.0.3497.100 Safari/537.36" "-"
0:0:0:0:0:0:0:1 - - [04/oct./2018:13:00:30 +0200] "GET /api/system/status HTTP/1.1" 200 82 "http://localhost:9000/maintenance?return_to=%2F" "Mozilla/5.0 (Windows NT 10.0; Win64; x64) AppleWebKit/537.36 (KHTML, like Gecko) Chrome/69.0.3497.100 Safari/537.36" "-"
0:0:0:0:0:0:0:1 - - [04/oct./2018:13:00:35 +0200] "GET /api/system/status HTTP/1.1" 200 82 "http://localhost:9000/maintenance?return_to=%2F" "Mozilla/5.0 (Windows NT 10.0; Win64; x64) AppleWebKit/537.36 (KHTML, like Gecko) Chrome/69.0.3497.100 Safari/537.36" "-"
0:0:0:0:0:0:0:1 - - [04/oct./2018:13:00:40 +0200] "GET /api/system/status HTTP/1.1" 200 82 "http://localhost:9000/maintenance?return_to=%2F" "Mozilla/5.0 (Windows NT 10.0; Win64; x64) AppleWebKit/537.36 (KHTML, like Gecko) Chrome/69.0.3497.100 Safari/537.36" "-"
0:0:0:0:0:0:0:1 - - [04/oct./2018:13:00:45 +0200] "GET /api/system/status HTTP/1.1" 200 82 "http://localhost:9000/maintenance?return_to=%2F" "Mozilla/5.0 (Windows NT 10.0; Win64; x64) AppleWebKit/537.36 (KHTML, like Gecko) Chrome/69.0.3497.100 Safari/537.36" "-"
0:0:0:0:0:0:0:1 - - [04/oct./2018:13:00:50 +0200] "GET /api/system/status HTTP/1.1" 200 82 "http://localhost:9000/maintenance?return_to=%2F" "Mozilla/5.0 (Windows NT 10.0; Win64; x64) AppleWebKit/537.36 (KHTML, like Gecko) Chrome/69.0.3497.100 Safari/537.36" "-"
0:0:0:0:0:0:0:1 - - [04/oct./2018:13:00:56 +0200] "GET /api/system/status HTTP/1.1" 200 82 "http://localhost:9000/maintenance?return_to=%2F" "Mozilla/5.0 (Windows NT 10.0; Win64; x64) AppleWebKit/537.36 (KHTML, like Gecko) Chrome/69.0.3497.100 Safari/537.36" "-"
0:0:0:0:0:0:0:1 - - [04/oct./2018:13:01:01 +0200] "GET /api/system/status HTTP/1.1" 200 82 "http://localhost:9000/maintenance?return_to=%2F" "Mozilla/5.0 (Windows NT 10.0; Win64; x64) AppleWebKit/537.36 (KHTML, like Gecko) Chrome/69.0.3497.100 Safari/537.36" "-"
0:0:0:0:0:0:0:1 - - [04/oct./2018:13:01:07 +0200] "GET /api/system/status HTTP/1.1" 200 82 "http://localhost:9000/maintenance?return_to=%2F" "Mozilla/5.0 (Windows NT 10.0; Win64; x64) AppleWebKit/537.36 (KHTML, like Gecko) Chrome/69.0.3497.100 Safari/537.36" "-"
0:0:0:0:0:0:0:1 - - [04/oct./2018:13:01:13 +0200] "GET /api/system/status HTTP/1.1" 200 76 "http://localhost:9000/maintenance?return_to=%2F" "Mozilla/5.0 (Windows NT 10.0; Win64; x64) AppleWebKit/537.36 (KHTML, like Gecko) Chrome/69.0.3497.100 Safari/537.36" "AWY+vSAwLcNyWCV6AAAA"
0:0:0:0:0:0:0:1 - - [04/oct./2018:13:01:16 +0200] "GET / HTTP/1.1" 200 - "http://localhost:9000/maintenance?return_to=%2F" "Mozilla/5.0 (Windows NT 10.0; Win64; x64) AppleWebKit/537.36 (KHTML, like Gecko) Chrome/69.0.3497.100 Safari/537.36" "AWY+vSAwLcNyWCV6AAAB"
0:0:0:0:0:0:0:1 - - [04/oct./2018:13:01:18 +0200] "GET /api/l10n/index?locale=fr-FR HTTP/1.1" 200 - "http://localhost:9000/" "Mozilla/5.0 (Windows NT 10.0; Win64; x64) AppleWebKit/537.36 (KHTML, like Gecko) Chrome/69.0.3497.100 Safari/537.36" "AWY+vSAwLcNyWCV6AAAC"
0:0:0:0:0:0:0:1 - - [04/oct./2018:13:01:18 +0200] "GET /api/navigation/global HTTP/1.1" 200 490 "http://localhost:9000/" "Mozilla/5.0 (Windows NT 10.0; Win64; x64) AppleWebKit/537.36 (KHTML, like Gecko) Chrome/69.0.3497.100 Safari/537.36" "AWY+vSAwLcNyWCV6AAAE"
0:0:0:0:0:0:0:1 - - [04/oct./2018:13:01:18 +0200] "GET /api/users/current HTTP/1.1" 200 98 "http://localhost:9000/" "Mozilla/5.0 (Windows NT 10.0; Win64; x64) AppleWebKit/537.36 (KHTML, like Gecko) Chrome/69.0.3497.100 Safari/537.36" "AWY+vSAwLcNyWCV6AAAD"
0:0:0:0:0:0:0:1 - - [04/oct./2018:13:01:19 +0200] "GET /api/languages/list HTTP/1.1" 200 332 "http://localhost:9000/" "Mozilla/5.0 (Windows NT 10.0; Win64; x64) AppleWebKit/537.36 (KHTML, like Gecko) Chrome/69.0.3497.100 Safari/537.36" "AWY+vSAwLcNyWCV6AAAF"
0:0:0:0:0:0:0:1 - - [04/oct./2018:13:01:19 +0200] "GET /js/366.899e9890.chunk.js HTTP/1.1" 200 1034 "http://localhost:9000/" "Mozilla/5.0 (Windows NT 10.0; Win64; x64) AppleWebKit/537.36 (KHTML, like Gecko) Chrome/69.0.3497.100 Safari/537.36" "AWY+vSAwLcNyWCV6AAAG"
0:0:0:0:0:0:0:1 - - [04/oct./2018:13:01:19 +0200] "GET /js/338.968a7073.chunk.js HTTP/1.1" 200 - "http://localhost:9000/about" "Mozilla/5.0 (Windows NT 10.0; Win64; x64) AppleWebKit/537.36 (KHTML, like Gecko) Chrome/69.0.3497.100 Safari/537.36" "AWY+vSAwLcNyWCV6AAAH"
0:0:0:0:0:0:0:1 - - [04/oct./2018:13:01:19 +0200] "GET /images/logo.svg?v=6.6 HTTP/1.1" 200 3507 "http://localhost:9000/about" "Mozilla/5.0 (Windows NT 10.0; Win64; x64) AppleWebKit/537.36 (KHTML, like Gecko) Chrome/69.0.3497.100 Safari/537.36" "AWY+vSAwLcNyWCV6AAAL"
0:0:0:0:0:0:0:1 - - [04/oct./2018:13:01:19 +0200] "GET /images/scanner-logos/sonarqube.svg HTTP/1.1" 200 8422 "http://localhost:9000/about" "Mozilla/5.0 (Windows NT 10.0; Win64; x64) AppleWebKit/537.36 (KHTML, like Gecko) Chrome/69.0.3497.100 Safari/537.36" "AWY+vSAwLcNyWCV6AAAM"
0:0:0:0:0:0:0:1 - - [04/oct./2018:13:01:19 +0200] "GET /images/scanner-logos/msbuild.svg HTTP/1.1" 200 722 "http://localhost:9000/about" "Mozilla/5.0 (Windows NT 10.0; Win64; x64) AppleWebKit/537.36 (KHTML, like Gecko) Chrome/69.0.3497.100 Safari/537.36" "AWY+vSAwLcNyWCV6AAAN"
0:0:0:0:0:0:0:1 - - [04/oct./2018:13:01:19 +0200] "GET /api/settings/values?keys=sonar.lf.aboutText HTTP/1.1" 200 15 "http://localhost:9000/about" "Mozilla/5.0 (Windows NT 10.0; Win64; x64) AppleWebKit/537.36 (KHTML, like Gecko) Chrome/69.0.3497.100 Safari/537.36" "AWY+vSAwLcNyWCV6AAAK"
0:0:0:0:0:0:0:1 - - [04/oct./2018:13:01:19 +0200] "GET /images/scanner-logos/gradle.svg HTTP/1.1" 200 3708 "http://localhost:9000/about" "Mozilla/5.0 (Windows NT 10.0; Win64; x64) AppleWebKit/537.36 (KHTML, like Gecko) Chrome/69.0.3497.100 Safari/537.36" "AWY+vSAwLcNyWCV6AAAP"
0:0:0:0:0:0:0:1 - - [04/oct./2018:13:01:19 +0200] "GET /images/scanner-logos/jenkins.svg HTTP/1.1" 200 14902 "http://localhost:9000/about" "Mozilla/5.0 (Windows NT 10.0; Win64; x64) AppleWebKit/537.36 (KHTML, like Gecko) Chrome/69.0.3497.100 Safari/537.36" "AWY+vSAwLcNyWCV6AAAQ"
0:0:0:0:0:0:0:1 - - [04/oct./2018:13:01:19 +0200] "GET /images/scanner-logos/maven.svg HTTP/1.1" 200 2234 "http://localhost:9000/about" "Mozilla/5.0 (Windows NT 10.0; Win64; x64) AppleWebKit/537.36 (KHTML, like Gecko) Chrome/69.0.3497.100 Safari/537.36" "AWY+vSAwLcNyWCV6AAAO"
0:0:0:0:0:0:0:1 - - [04/oct./2018:13:01:19 +0200] "GET /images/scanner-logos/ant.svg HTTP/1.1" 200 9688 "http://localhost:9000/about" "Mozilla/5.0 (Windows NT 10.0; Win64; x64) AppleWebKit/537.36 (KHTML, like Gecko) Chrome/69.0.3497.100 Safari/537.36" "AWY+vSAwLcNyWCV6AAAR"
0:0:0:0:0:0:0:1 - - [04/oct./2018:13:01:19 +0200] "GET /api/components/search_projects?ps=1 HTTP/1.1" 200 96 "http://localhost:9000/about" "Mozilla/5.0 (Windows NT 10.0; Win64; x64) AppleWebKit/537.36 (KHTML, like Gecko) Chrome/69.0.3497.100 Safari/537.36" "AWY+vSAwLcNyWCV6AAAI"
0:0:0:0:0:0:0:1 - - [04/oct./2018:13:01:20 +0200] "GET /api/issues/search?resolved=false&facets=types&ps=1&additionalFields=_all HTTP/1.1" 200 622 "http://localhost:9000/about" "Mozilla/5.0 (Windows NT 10.0; Win64; x64) AppleWebKit/537.36 (KHTML, like Gecko) Chrome/69.0.3497.100 Safari/537.36" "AWY+vSAwLcNyWCV6AAAJ"
