2018.10.04 12:59:24 INFO  es[][o.e.n.Node] initializing ...
2018.10.04 12:59:25 INFO  es[][o.e.e.NodeEnvironment] using [1] data paths, mounts [[LENOVO (D:)]], net usable_space [771.1gb], net total_space [891.8gb], spins? [unknown], types [NTFS]
2018.10.04 12:59:25 INFO  es[][o.e.e.NodeEnvironment] heap size [494.9mb], compressed ordinary object pointers [true]
2018.10.04 12:59:25 INFO  es[][o.e.n.Node] node name [sonarqube], node ID [m2zc6yLaS7et-TOf-xfDUQ]
2018.10.04 12:59:25 INFO  es[][o.e.n.Node] version[5.6.3], pid[11632], build[1a2f265/2017-10-06T20:33:39.012Z], OS[Windows 10/10.0/amd64], JVM[Oracle Corporation/Java HotSpot(TM) 64-Bit Server VM/9.0.4/9.0.4+11]
2018.10.04 12:59:25 INFO  es[][o.e.n.Node] JVM arguments [-XX:+UseConcMarkSweepGC, -XX:CMSInitiatingOccupancyFraction=75, -XX:+UseCMSInitiatingOccupancyOnly, -XX:+AlwaysPreTouch, -Xss1m, -Djava.awt.headless=true, -Dfile.encoding=UTF-8, -Djna.nosys=true, -Djdk.io.permissionsUseCanonicalPath=true, -Dio.netty.noUnsafe=true, -Dio.netty.noKeySetOptimization=true, -Dio.netty.recycler.maxCapacityPerThread=0, -Dlog4j.shutdownHookEnabled=false, -Dlog4j2.disable.jmx=true, -Dlog4j.skipJansi=true, -Xms512m, -Xmx512m, -XX:+HeapDumpOnOutOfMemoryError, -Delasticsearch, -Des.path.home=D:\GIT\ICE_DevOps\tmp\sonarqube-7.3\elasticsearch]
2018.10.04 12:59:27 INFO  es[][o.e.p.PluginsService] loaded module [aggs-matrix-stats]
2018.10.04 12:59:27 INFO  es[][o.e.p.PluginsService] loaded module [ingest-common]
2018.10.04 12:59:27 INFO  es[][o.e.p.PluginsService] loaded module [parent-join]
2018.10.04 12:59:27 INFO  es[][o.e.p.PluginsService] loaded module [percolator]
2018.10.04 12:59:27 INFO  es[][o.e.p.PluginsService] loaded module [reindex]
2018.10.04 12:59:27 INFO  es[][o.e.p.PluginsService] loaded module [transport-netty4]
2018.10.04 12:59:27 INFO  es[][o.e.p.PluginsService] no plugins loaded
2018.10.04 12:59:31 INFO  es[][o.e.d.DiscoveryModule] using discovery type [zen]
2018.10.04 12:59:32 INFO  es[][o.e.n.Node] initialized
2018.10.04 12:59:32 INFO  es[][o.e.n.Node] starting ...
2018.10.04 12:59:35 INFO  es[][o.e.t.TransportService] publish_address {127.0.0.1:9001}, bound_addresses {127.0.0.1:9001}
2018.10.04 12:59:37 INFO  es[][o.e.n.Node] initializing ...
2018.10.04 12:59:37 ERROR es[][o.e.b.Bootstrap] Exception
java.lang.IllegalStateException: failed to obtain node locks, tried [[D:\GIT\ICE_DevOps\tmp\sonarqube-7.3\data\es5\sonarqube]] with lock id [0]; maybe these locations are not writable or multiple nodes were started without increasing [node.max_local_storage_nodes] (was [1])?
	at org.elasticsearch.env.NodeEnvironment.<init>(NodeEnvironment.java:261) ~[elasticsearch-5.6.3.jar:5.6.3]
	at org.elasticsearch.node.Node.<init>(Node.java:265) ~[elasticsearch-5.6.3.jar:5.6.3]
	at org.elasticsearch.node.Node.<init>(Node.java:245) ~[elasticsearch-5.6.3.jar:5.6.3]
	at org.elasticsearch.bootstrap.Bootstrap$5.<init>(Bootstrap.java:233) ~[elasticsearch-5.6.3.jar:5.6.3]
	at org.elasticsearch.bootstrap.Bootstrap.setup(Bootstrap.java:233) ~[elasticsearch-5.6.3.jar:5.6.3]
	at org.elasticsearch.bootstrap.Bootstrap.init(Bootstrap.java:342) [elasticsearch-5.6.3.jar:5.6.3]
	at org.elasticsearch.bootstrap.Elasticsearch.init(Elasticsearch.java:132) [elasticsearch-5.6.3.jar:5.6.3]
	at org.elasticsearch.bootstrap.Elasticsearch.execute(Elasticsearch.java:123) [elasticsearch-5.6.3.jar:5.6.3]
	at org.elasticsearch.cli.EnvironmentAwareCommand.execute(EnvironmentAwareCommand.java:70) [elasticsearch-5.6.3.jar:5.6.3]
	at org.elasticsearch.cli.Command.mainWithoutErrorHandling(Command.java:134) [elasticsearch-5.6.3.jar:5.6.3]
	at org.elasticsearch.cli.Command.main(Command.java:90) [elasticsearch-5.6.3.jar:5.6.3]
	at org.elasticsearch.bootstrap.Elasticsearch.main(Elasticsearch.java:91) [elasticsearch-5.6.3.jar:5.6.3]
	at org.elasticsearch.bootstrap.Elasticsearch.main(Elasticsearch.java:84) [elasticsearch-5.6.3.jar:5.6.3]
2018.10.04 12:59:37 WARN  es[][o.e.b.ElasticsearchUncaughtExceptionHandler] uncaught exception in thread [main]
org.elasticsearch.bootstrap.StartupException: java.lang.IllegalStateException: failed to obtain node locks, tried [[D:\GIT\ICE_DevOps\tmp\sonarqube-7.3\data\es5\sonarqube]] with lock id [0]; maybe these locations are not writable or multiple nodes were started without increasing [node.max_local_storage_nodes] (was [1])?
	at org.elasticsearch.bootstrap.Elasticsearch.init(Elasticsearch.java:136) ~[elasticsearch-5.6.3.jar:5.6.3]
	at org.elasticsearch.bootstrap.Elasticsearch.execute(Elasticsearch.java:123) ~[elasticsearch-5.6.3.jar:5.6.3]
	at org.elasticsearch.cli.EnvironmentAwareCommand.execute(EnvironmentAwareCommand.java:70) ~[elasticsearch-5.6.3.jar:5.6.3]
	at org.elasticsearch.cli.Command.mainWithoutErrorHandling(Command.java:134) ~[elasticsearch-5.6.3.jar:5.6.3]
	at org.elasticsearch.cli.Command.main(Command.java:90) ~[elasticsearch-5.6.3.jar:5.6.3]
	at org.elasticsearch.bootstrap.Elasticsearch.main(Elasticsearch.java:91) ~[elasticsearch-5.6.3.jar:5.6.3]
	at org.elasticsearch.bootstrap.Elasticsearch.main(Elasticsearch.java:84) ~[elasticsearch-5.6.3.jar:5.6.3]
Caused by: java.lang.IllegalStateException: failed to obtain node locks, tried [[D:\GIT\ICE_DevOps\tmp\sonarqube-7.3\data\es5\sonarqube]] with lock id [0]; maybe these locations are not writable or multiple nodes were started without increasing [node.max_local_storage_nodes] (was [1])?
	at org.elasticsearch.env.NodeEnvironment.<init>(NodeEnvironment.java:261) ~[elasticsearch-5.6.3.jar:5.6.3]
	at org.elasticsearch.node.Node.<init>(Node.java:265) ~[elasticsearch-5.6.3.jar:5.6.3]
	at org.elasticsearch.node.Node.<init>(Node.java:245) ~[elasticsearch-5.6.3.jar:5.6.3]
	at org.elasticsearch.bootstrap.Bootstrap$5.<init>(Bootstrap.java:233) ~[elasticsearch-5.6.3.jar:5.6.3]
	at org.elasticsearch.bootstrap.Bootstrap.setup(Bootstrap.java:233) ~[elasticsearch-5.6.3.jar:5.6.3]
	at org.elasticsearch.bootstrap.Bootstrap.init(Bootstrap.java:342) ~[elasticsearch-5.6.3.jar:5.6.3]
	at org.elasticsearch.bootstrap.Elasticsearch.init(Elasticsearch.java:132) ~[elasticsearch-5.6.3.jar:5.6.3]
	... 6 more
2018.10.04 12:59:39 INFO  es[][o.e.c.s.ClusterService] new_master {sonarqube}{m2zc6yLaS7et-TOf-xfDUQ}{1KF4QTWuSaeqjv6CHG1ezQ}{127.0.0.1}{127.0.0.1:9001}{rack_id=sonarqube}, reason: zen-disco-elected-as-master ([0] nodes joined)
2018.10.04 12:59:39 INFO  es[][o.e.n.Node] started
2018.10.04 12:59:39 INFO  es[][o.e.g.GatewayService] recovered [0] indices into cluster_state
2018.10.04 12:59:40 WARN  es[][o.e.t.n.Netty4Transport] exception caught on transport layer [[id: 0x63dbe0ee, L:/127.0.0.1:9001 - R:/127.0.0.1:55341]], closing connection
java.io.IOException: Une connexion existante a dû être fermée par l’hôte distant
	at sun.nio.ch.SocketDispatcher.read0(Native Method) ~[?:?]
	at sun.nio.ch.SocketDispatcher.read(Unknown Source) ~[?:?]
	at sun.nio.ch.IOUtil.readIntoNativeBuffer(Unknown Source) ~[?:?]
	at sun.nio.ch.IOUtil.read(Unknown Source) ~[?:?]
	at sun.nio.ch.SocketChannelImpl.read(Unknown Source) ~[?:?]
	at io.netty.buffer.PooledHeapByteBuf.setBytes(PooledHeapByteBuf.java:261) ~[netty-buffer-4.1.13.Final.jar:4.1.13.Final]
	at io.netty.buffer.AbstractByteBuf.writeBytes(AbstractByteBuf.java:1100) ~[netty-buffer-4.1.13.Final.jar:4.1.13.Final]
	at io.netty.channel.socket.nio.NioSocketChannel.doReadBytes(NioSocketChannel.java:372) ~[netty-transport-4.1.13.Final.jar:4.1.13.Final]
	at io.netty.channel.nio.AbstractNioByteChannel$NioByteUnsafe.read(AbstractNioByteChannel.java:123) [netty-transport-4.1.13.Final.jar:4.1.13.Final]
	at io.netty.channel.nio.NioEventLoop.processSelectedKey(NioEventLoop.java:644) [netty-transport-4.1.13.Final.jar:4.1.13.Final]
	at io.netty.channel.nio.NioEventLoop.processSelectedKeysPlain(NioEventLoop.java:544) [netty-transport-4.1.13.Final.jar:4.1.13.Final]
	at io.netty.channel.nio.NioEventLoop.processSelectedKeys(NioEventLoop.java:498) [netty-transport-4.1.13.Final.jar:4.1.13.Final]
	at io.netty.channel.nio.NioEventLoop.run(NioEventLoop.java:458) [netty-transport-4.1.13.Final.jar:4.1.13.Final]
	at io.netty.util.concurrent.SingleThreadEventExecutor$5.run(SingleThreadEventExecutor.java:858) [netty-common-4.1.13.Final.jar:4.1.13.Final]
	at java.lang.Thread.run(Unknown Source) [?:?]
2018.10.04 12:59:40 WARN  es[][o.e.t.n.Netty4Transport] exception caught on transport layer [[id: 0x8b41a374, L:/127.0.0.1:9001 - R:/127.0.0.1:55346]], closing connection
java.io.IOException: Une connexion existante a dû être fermée par l’hôte distant
	at sun.nio.ch.SocketDispatcher.read0(Native Method) ~[?:?]
	at sun.nio.ch.SocketDispatcher.read(Unknown Source) ~[?:?]
	at sun.nio.ch.IOUtil.readIntoNativeBuffer(Unknown Source) ~[?:?]
	at sun.nio.ch.IOUtil.read(Unknown Source) ~[?:?]
	at sun.nio.ch.SocketChannelImpl.read(Unknown Source) ~[?:?]
	at io.netty.buffer.PooledHeapByteBuf.setBytes(PooledHeapByteBuf.java:261) ~[netty-buffer-4.1.13.Final.jar:4.1.13.Final]
	at io.netty.buffer.AbstractByteBuf.writeBytes(AbstractByteBuf.java:1100) ~[netty-buffer-4.1.13.Final.jar:4.1.13.Final]
	at io.netty.channel.socket.nio.NioSocketChannel.doReadBytes(NioSocketChannel.java:372) ~[netty-transport-4.1.13.Final.jar:4.1.13.Final]
	at io.netty.channel.nio.AbstractNioByteChannel$NioByteUnsafe.read(AbstractNioByteChannel.java:123) [netty-transport-4.1.13.Final.jar:4.1.13.Final]
	at io.netty.channel.nio.NioEventLoop.processSelectedKey(NioEventLoop.java:644) [netty-transport-4.1.13.Final.jar:4.1.13.Final]
	at io.netty.channel.nio.NioEventLoop.processSelectedKeysPlain(NioEventLoop.java:544) [netty-transport-4.1.13.Final.jar:4.1.13.Final]
	at io.netty.channel.nio.NioEventLoop.processSelectedKeys(NioEventLoop.java:498) [netty-transport-4.1.13.Final.jar:4.1.13.Final]
	at io.netty.channel.nio.NioEventLoop.run(NioEventLoop.java:458) [netty-transport-4.1.13.Final.jar:4.1.13.Final]
	at io.netty.util.concurrent.SingleThreadEventExecutor$5.run(SingleThreadEventExecutor.java:858) [netty-common-4.1.13.Final.jar:4.1.13.Final]
	at java.lang.Thread.run(Unknown Source) [?:?]
2018.10.04 12:59:40 WARN  es[][o.e.t.n.Netty4Transport] exception caught on transport layer [[id: 0x2f4d8059, L:/127.0.0.1:9001 - R:/127.0.0.1:55339]], closing connection
java.io.IOException: Une connexion existante a dû être fermée par l’hôte distant
	at sun.nio.ch.SocketDispatcher.read0(Native Method) ~[?:?]
	at sun.nio.ch.SocketDispatcher.read(Unknown Source) ~[?:?]
	at sun.nio.ch.IOUtil.readIntoNativeBuffer(Unknown Source) ~[?:?]
	at sun.nio.ch.IOUtil.read(Unknown Source) ~[?:?]
	at sun.nio.ch.SocketChannelImpl.read(Unknown Source) ~[?:?]
	at io.netty.buffer.PooledHeapByteBuf.setBytes(PooledHeapByteBuf.java:261) ~[netty-buffer-4.1.13.Final.jar:4.1.13.Final]
	at io.netty.buffer.AbstractByteBuf.writeBytes(AbstractByteBuf.java:1100) ~[netty-buffer-4.1.13.Final.jar:4.1.13.Final]
	at io.netty.channel.socket.nio.NioSocketChannel.doReadBytes(NioSocketChannel.java:372) ~[netty-transport-4.1.13.Final.jar:4.1.13.Final]
	at io.netty.channel.nio.AbstractNioByteChannel$NioByteUnsafe.read(AbstractNioByteChannel.java:123) [netty-transport-4.1.13.Final.jar:4.1.13.Final]
	at io.netty.channel.nio.NioEventLoop.processSelectedKey(NioEventLoop.java:644) [netty-transport-4.1.13.Final.jar:4.1.13.Final]
	at io.netty.channel.nio.NioEventLoop.processSelectedKeysPlain(NioEventLoop.java:544) [netty-transport-4.1.13.Final.jar:4.1.13.Final]
	at io.netty.channel.nio.NioEventLoop.processSelectedKeys(NioEventLoop.java:498) [netty-transport-4.1.13.Final.jar:4.1.13.Final]
	at io.netty.channel.nio.NioEventLoop.run(NioEventLoop.java:458) [netty-transport-4.1.13.Final.jar:4.1.13.Final]
	at io.netty.util.concurrent.SingleThreadEventExecutor$5.run(SingleThreadEventExecutor.java:858) [netty-common-4.1.13.Final.jar:4.1.13.Final]
	at java.lang.Thread.run(Unknown Source) [?:?]
2018.10.04 12:59:40 WARN  es[][o.e.t.n.Netty4Transport] exception caught on transport layer [[id: 0x254f4b8a, L:/127.0.0.1:9001 - R:/127.0.0.1:55335]], closing connection
java.io.IOException: Une connexion existante a dû être fermée par l’hôte distant
	at sun.nio.ch.SocketDispatcher.read0(Native Method) ~[?:?]
	at sun.nio.ch.SocketDispatcher.read(Unknown Source) ~[?:?]
	at sun.nio.ch.IOUtil.readIntoNativeBuffer(Unknown Source) ~[?:?]
	at sun.nio.ch.IOUtil.read(Unknown Source) ~[?:?]
	at sun.nio.ch.SocketChannelImpl.read(Unknown Source) ~[?:?]
	at io.netty.buffer.PooledHeapByteBuf.setBytes(PooledHeapByteBuf.java:261) ~[netty-buffer-4.1.13.Final.jar:4.1.13.Final]
	at io.netty.buffer.AbstractByteBuf.writeBytes(AbstractByteBuf.java:1100) ~[netty-buffer-4.1.13.Final.jar:4.1.13.Final]
	at io.netty.channel.socket.nio.NioSocketChannel.doReadBytes(NioSocketChannel.java:372) ~[netty-transport-4.1.13.Final.jar:4.1.13.Final]
	at io.netty.channel.nio.AbstractNioByteChannel$NioByteUnsafe.read(AbstractNioByteChannel.java:123) [netty-transport-4.1.13.Final.jar:4.1.13.Final]
	at io.netty.channel.nio.NioEventLoop.processSelectedKey(NioEventLoop.java:644) [netty-transport-4.1.13.Final.jar:4.1.13.Final]
	at io.netty.channel.nio.NioEventLoop.processSelectedKeysPlain(NioEventLoop.java:544) [netty-transport-4.1.13.Final.jar:4.1.13.Final]
	at io.netty.channel.nio.NioEventLoop.processSelectedKeys(NioEventLoop.java:498) [netty-transport-4.1.13.Final.jar:4.1.13.Final]
	at io.netty.channel.nio.NioEventLoop.run(NioEventLoop.java:458) [netty-transport-4.1.13.Final.jar:4.1.13.Final]
	at io.netty.util.concurrent.SingleThreadEventExecutor$5.run(SingleThreadEventExecutor.java:858) [netty-common-4.1.13.Final.jar:4.1.13.Final]
	at java.lang.Thread.run(Unknown Source) [?:?]
2018.10.04 12:59:40 WARN  es[][o.e.t.n.Netty4Transport] exception caught on transport layer [[id: 0x55384b8b, L:/127.0.0.1:9001 - R:/127.0.0.1:55340]], closing connection
java.io.IOException: Une connexion existante a dû être fermée par l’hôte distant
	at sun.nio.ch.SocketDispatcher.read0(Native Method) ~[?:?]
	at sun.nio.ch.SocketDispatcher.read(Unknown Source) ~[?:?]
	at sun.nio.ch.IOUtil.readIntoNativeBuffer(Unknown Source) ~[?:?]
	at sun.nio.ch.IOUtil.read(Unknown Source) ~[?:?]
	at sun.nio.ch.SocketChannelImpl.read(Unknown Source) ~[?:?]
	at io.netty.buffer.PooledHeapByteBuf.setBytes(PooledHeapByteBuf.java:261) ~[netty-buffer-4.1.13.Final.jar:4.1.13.Final]
	at io.netty.buffer.AbstractByteBuf.writeBytes(AbstractByteBuf.java:1100) ~[netty-buffer-4.1.13.Final.jar:4.1.13.Final]
	at io.netty.channel.socket.nio.NioSocketChannel.doReadBytes(NioSocketChannel.java:372) ~[netty-transport-4.1.13.Final.jar:4.1.13.Final]
	at io.netty.channel.nio.AbstractNioByteChannel$NioByteUnsafe.read(AbstractNioByteChannel.java:123) [netty-transport-4.1.13.Final.jar:4.1.13.Final]
	at io.netty.channel.nio.NioEventLoop.processSelectedKey(NioEventLoop.java:644) [netty-transport-4.1.13.Final.jar:4.1.13.Final]
	at io.netty.channel.nio.NioEventLoop.processSelectedKeysPlain(NioEventLoop.java:544) [netty-transport-4.1.13.Final.jar:4.1.13.Final]
	at io.netty.channel.nio.NioEventLoop.processSelectedKeys(NioEventLoop.java:498) [netty-transport-4.1.13.Final.jar:4.1.13.Final]
	at io.netty.channel.nio.NioEventLoop.run(NioEventLoop.java:458) [netty-transport-4.1.13.Final.jar:4.1.13.Final]
	at io.netty.util.concurrent.SingleThreadEventExecutor$5.run(SingleThreadEventExecutor.java:858) [netty-common-4.1.13.Final.jar:4.1.13.Final]
	at java.lang.Thread.run(Unknown Source) [?:?]
2018.10.04 12:59:40 WARN  es[][o.e.t.n.Netty4Transport] exception caught on transport layer [[id: 0xe2670c11, L:/127.0.0.1:9001 - R:/127.0.0.1:55338]], closing connection
java.io.IOException: Une connexion existante a dû être fermée par l’hôte distant
	at sun.nio.ch.SocketDispatcher.read0(Native Method) ~[?:?]
	at sun.nio.ch.SocketDispatcher.read(Unknown Source) ~[?:?]
	at sun.nio.ch.IOUtil.readIntoNativeBuffer(Unknown Source) ~[?:?]
	at sun.nio.ch.IOUtil.read(Unknown Source) ~[?:?]
	at sun.nio.ch.SocketChannelImpl.read(Unknown Source) ~[?:?]
	at io.netty.buffer.PooledHeapByteBuf.setBytes(PooledHeapByteBuf.java:261) ~[netty-buffer-4.1.13.Final.jar:4.1.13.Final]
	at io.netty.buffer.AbstractByteBuf.writeBytes(AbstractByteBuf.java:1100) ~[netty-buffer-4.1.13.Final.jar:4.1.13.Final]
	at io.netty.channel.socket.nio.NioSocketChannel.doReadBytes(NioSocketChannel.java:372) ~[netty-transport-4.1.13.Final.jar:4.1.13.Final]
	at io.netty.channel.nio.AbstractNioByteChannel$NioByteUnsafe.read(AbstractNioByteChannel.java:123) [netty-transport-4.1.13.Final.jar:4.1.13.Final]
	at io.netty.channel.nio.NioEventLoop.processSelectedKey(NioEventLoop.java:644) [netty-transport-4.1.13.Final.jar:4.1.13.Final]
	at io.netty.channel.nio.NioEventLoop.processSelectedKeysPlain(NioEventLoop.java:544) [netty-transport-4.1.13.Final.jar:4.1.13.Final]
	at io.netty.channel.nio.NioEventLoop.processSelectedKeys(NioEventLoop.java:498) [netty-transport-4.1.13.Final.jar:4.1.13.Final]
	at io.netty.channel.nio.NioEventLoop.run(NioEventLoop.java:458) [netty-transport-4.1.13.Final.jar:4.1.13.Final]
	at io.netty.util.concurrent.SingleThreadEventExecutor$5.run(SingleThreadEventExecutor.java:858) [netty-common-4.1.13.Final.jar:4.1.13.Final]
	at java.lang.Thread.run(Unknown Source) [?:?]
2018.10.04 12:59:40 WARN  es[][o.e.t.n.Netty4Transport] exception caught on transport layer [[id: 0x36c9c43a, L:/127.0.0.1:9001 - R:/127.0.0.1:55343]], closing connection
java.io.IOException: Une connexion existante a dû être fermée par l’hôte distant
	at sun.nio.ch.SocketDispatcher.read0(Native Method) ~[?:?]
	at sun.nio.ch.SocketDispatcher.read(Unknown Source) ~[?:?]
	at sun.nio.ch.IOUtil.readIntoNativeBuffer(Unknown Source) ~[?:?]
	at sun.nio.ch.IOUtil.read(Unknown Source) ~[?:?]
	at sun.nio.ch.SocketChannelImpl.read(Unknown Source) ~[?:?]
	at io.netty.buffer.PooledHeapByteBuf.setBytes(PooledHeapByteBuf.java:261) ~[netty-buffer-4.1.13.Final.jar:4.1.13.Final]
	at io.netty.buffer.AbstractByteBuf.writeBytes(AbstractByteBuf.java:1100) ~[netty-buffer-4.1.13.Final.jar:4.1.13.Final]
	at io.netty.channel.socket.nio.NioSocketChannel.doReadBytes(NioSocketChannel.java:372) ~[netty-transport-4.1.13.Final.jar:4.1.13.Final]
	at io.netty.channel.nio.AbstractNioByteChannel$NioByteUnsafe.read(AbstractNioByteChannel.java:123) [netty-transport-4.1.13.Final.jar:4.1.13.Final]
	at io.netty.channel.nio.NioEventLoop.processSelectedKey(NioEventLoop.java:644) [netty-transport-4.1.13.Final.jar:4.1.13.Final]
	at io.netty.channel.nio.NioEventLoop.processSelectedKeysPlain(NioEventLoop.java:544) [netty-transport-4.1.13.Final.jar:4.1.13.Final]
	at io.netty.channel.nio.NioEventLoop.processSelectedKeys(NioEventLoop.java:498) [netty-transport-4.1.13.Final.jar:4.1.13.Final]
	at io.netty.channel.nio.NioEventLoop.run(NioEventLoop.java:458) [netty-transport-4.1.13.Final.jar:4.1.13.Final]
	at io.netty.util.concurrent.SingleThreadEventExecutor$5.run(SingleThreadEventExecutor.java:858) [netty-common-4.1.13.Final.jar:4.1.13.Final]
	at java.lang.Thread.run(Unknown Source) [?:?]
2018.10.04 12:59:40 WARN  es[][o.e.t.n.Netty4Transport] exception caught on transport layer [[id: 0x7b10119b, L:/127.0.0.1:9001 - R:/127.0.0.1:55347]], closing connection
java.io.IOException: Une connexion existante a dû être fermée par l’hôte distant
	at sun.nio.ch.SocketDispatcher.read0(Native Method) ~[?:?]
	at sun.nio.ch.SocketDispatcher.read(Unknown Source) ~[?:?]
	at sun.nio.ch.IOUtil.readIntoNativeBuffer(Unknown Source) ~[?:?]
	at sun.nio.ch.IOUtil.read(Unknown Source) ~[?:?]
	at sun.nio.ch.SocketChannelImpl.read(Unknown Source) ~[?:?]
	at io.netty.buffer.PooledHeapByteBuf.setBytes(PooledHeapByteBuf.java:261) ~[netty-buffer-4.1.13.Final.jar:4.1.13.Final]
	at io.netty.buffer.AbstractByteBuf.writeBytes(AbstractByteBuf.java:1100) ~[netty-buffer-4.1.13.Final.jar:4.1.13.Final]
	at io.netty.channel.socket.nio.NioSocketChannel.doReadBytes(NioSocketChannel.java:372) ~[netty-transport-4.1.13.Final.jar:4.1.13.Final]
	at io.netty.channel.nio.AbstractNioByteChannel$NioByteUnsafe.read(AbstractNioByteChannel.java:123) [netty-transport-4.1.13.Final.jar:4.1.13.Final]
	at io.netty.channel.nio.NioEventLoop.processSelectedKey(NioEventLoop.java:644) [netty-transport-4.1.13.Final.jar:4.1.13.Final]
	at io.netty.channel.nio.NioEventLoop.processSelectedKeysPlain(NioEventLoop.java:544) [netty-transport-4.1.13.Final.jar:4.1.13.Final]
	at io.netty.channel.nio.NioEventLoop.processSelectedKeys(NioEventLoop.java:498) [netty-transport-4.1.13.Final.jar:4.1.13.Final]
	at io.netty.channel.nio.NioEventLoop.run(NioEventLoop.java:458) [netty-transport-4.1.13.Final.jar:4.1.13.Final]
	at io.netty.util.concurrent.SingleThreadEventExecutor$5.run(SingleThreadEventExecutor.java:858) [netty-common-4.1.13.Final.jar:4.1.13.Final]
	at java.lang.Thread.run(Unknown Source) [?:?]
2018.10.04 12:59:40 WARN  es[][o.e.t.n.Netty4Transport] exception caught on transport layer [[id: 0x2bbaeac6, L:/127.0.0.1:9001 - R:/127.0.0.1:55336]], closing connection
java.io.IOException: Une connexion existante a dû être fermée par l’hôte distant
	at sun.nio.ch.SocketDispatcher.read0(Native Method) ~[?:?]
	at sun.nio.ch.SocketDispatcher.read(Unknown Source) ~[?:?]
	at sun.nio.ch.IOUtil.readIntoNativeBuffer(Unknown Source) ~[?:?]
	at sun.nio.ch.IOUtil.read(Unknown Source) ~[?:?]
	at sun.nio.ch.SocketChannelImpl.read(Unknown Source) ~[?:?]
	at io.netty.buffer.PooledHeapByteBuf.setBytes(PooledHeapByteBuf.java:261) ~[netty-buffer-4.1.13.Final.jar:4.1.13.Final]
	at io.netty.buffer.AbstractByteBuf.writeBytes(AbstractByteBuf.java:1100) ~[netty-buffer-4.1.13.Final.jar:4.1.13.Final]
	at io.netty.channel.socket.nio.NioSocketChannel.doReadBytes(NioSocketChannel.java:372) ~[netty-transport-4.1.13.Final.jar:4.1.13.Final]
	at io.netty.channel.nio.AbstractNioByteChannel$NioByteUnsafe.read(AbstractNioByteChannel.java:123) [netty-transport-4.1.13.Final.jar:4.1.13.Final]
	at io.netty.channel.nio.NioEventLoop.processSelectedKey(NioEventLoop.java:644) [netty-transport-4.1.13.Final.jar:4.1.13.Final]
	at io.netty.channel.nio.NioEventLoop.processSelectedKeysPlain(NioEventLoop.java:544) [netty-transport-4.1.13.Final.jar:4.1.13.Final]
	at io.netty.channel.nio.NioEventLoop.processSelectedKeys(NioEventLoop.java:498) [netty-transport-4.1.13.Final.jar:4.1.13.Final]
	at io.netty.channel.nio.NioEventLoop.run(NioEventLoop.java:458) [netty-transport-4.1.13.Final.jar:4.1.13.Final]
	at io.netty.util.concurrent.SingleThreadEventExecutor$5.run(SingleThreadEventExecutor.java:858) [netty-common-4.1.13.Final.jar:4.1.13.Final]
	at java.lang.Thread.run(Unknown Source) [?:?]
2018.10.04 12:59:40 WARN  es[][o.e.t.n.Netty4Transport] exception caught on transport layer [[id: 0xbd86e332, L:/127.0.0.1:9001 - R:/127.0.0.1:55337]], closing connection
java.io.IOException: Une connexion existante a dû être fermée par l’hôte distant
	at sun.nio.ch.SocketDispatcher.read0(Native Method) ~[?:?]
	at sun.nio.ch.SocketDispatcher.read(Unknown Source) ~[?:?]
	at sun.nio.ch.IOUtil.readIntoNativeBuffer(Unknown Source) ~[?:?]
	at sun.nio.ch.IOUtil.read(Unknown Source) ~[?:?]
	at sun.nio.ch.SocketChannelImpl.read(Unknown Source) ~[?:?]
	at io.netty.buffer.PooledHeapByteBuf.setBytes(PooledHeapByteBuf.java:261) ~[netty-buffer-4.1.13.Final.jar:4.1.13.Final]
	at io.netty.buffer.AbstractByteBuf.writeBytes(AbstractByteBuf.java:1100) ~[netty-buffer-4.1.13.Final.jar:4.1.13.Final]
	at io.netty.channel.socket.nio.NioSocketChannel.doReadBytes(NioSocketChannel.java:372) ~[netty-transport-4.1.13.Final.jar:4.1.13.Final]
	at io.netty.channel.nio.AbstractNioByteChannel$NioByteUnsafe.read(AbstractNioByteChannel.java:123) [netty-transport-4.1.13.Final.jar:4.1.13.Final]
	at io.netty.channel.nio.NioEventLoop.processSelectedKey(NioEventLoop.java:644) [netty-transport-4.1.13.Final.jar:4.1.13.Final]
	at io.netty.channel.nio.NioEventLoop.processSelectedKeysPlain(NioEventLoop.java:544) [netty-transport-4.1.13.Final.jar:4.1.13.Final]
	at io.netty.channel.nio.NioEventLoop.processSelectedKeys(NioEventLoop.java:498) [netty-transport-4.1.13.Final.jar:4.1.13.Final]
	at io.netty.channel.nio.NioEventLoop.run(NioEventLoop.java:458) [netty-transport-4.1.13.Final.jar:4.1.13.Final]
	at io.netty.util.concurrent.SingleThreadEventExecutor$5.run(SingleThreadEventExecutor.java:858) [netty-common-4.1.13.Final.jar:4.1.13.Final]
	at java.lang.Thread.run(Unknown Source) [?:?]
2018.10.04 12:59:40 WARN  es[][o.e.t.n.Netty4Transport] exception caught on transport layer [[id: 0x6807d863, L:/127.0.0.1:9001 - R:/127.0.0.1:55344]], closing connection
java.io.IOException: Une connexion existante a dû être fermée par l’hôte distant
	at sun.nio.ch.SocketDispatcher.read0(Native Method) ~[?:?]
	at sun.nio.ch.SocketDispatcher.read(Unknown Source) ~[?:?]
	at sun.nio.ch.IOUtil.readIntoNativeBuffer(Unknown Source) ~[?:?]
	at sun.nio.ch.IOUtil.read(Unknown Source) ~[?:?]
	at sun.nio.ch.SocketChannelImpl.read(Unknown Source) ~[?:?]
	at io.netty.buffer.PooledHeapByteBuf.setBytes(PooledHeapByteBuf.java:261) ~[netty-buffer-4.1.13.Final.jar:4.1.13.Final]
	at io.netty.buffer.AbstractByteBuf.writeBytes(AbstractByteBuf.java:1100) ~[netty-buffer-4.1.13.Final.jar:4.1.13.Final]
	at io.netty.channel.socket.nio.NioSocketChannel.doReadBytes(NioSocketChannel.java:372) ~[netty-transport-4.1.13.Final.jar:4.1.13.Final]
	at io.netty.channel.nio.AbstractNioByteChannel$NioByteUnsafe.read(AbstractNioByteChannel.java:123) [netty-transport-4.1.13.Final.jar:4.1.13.Final]
	at io.netty.channel.nio.NioEventLoop.processSelectedKey(NioEventLoop.java:644) [netty-transport-4.1.13.Final.jar:4.1.13.Final]
	at io.netty.channel.nio.NioEventLoop.processSelectedKeysPlain(NioEventLoop.java:544) [netty-transport-4.1.13.Final.jar:4.1.13.Final]
	at io.netty.channel.nio.NioEventLoop.processSelectedKeys(NioEventLoop.java:498) [netty-transport-4.1.13.Final.jar:4.1.13.Final]
	at io.netty.channel.nio.NioEventLoop.run(NioEventLoop.java:458) [netty-transport-4.1.13.Final.jar:4.1.13.Final]
	at io.netty.util.concurrent.SingleThreadEventExecutor$5.run(SingleThreadEventExecutor.java:858) [netty-common-4.1.13.Final.jar:4.1.13.Final]
	at java.lang.Thread.run(Unknown Source) [?:?]
2018.10.04 12:59:40 WARN  es[][o.e.t.n.Netty4Transport] exception caught on transport layer [[id: 0x8bbe6f3a, L:/127.0.0.1:9001 - R:/127.0.0.1:55342]], closing connection
java.io.IOException: Une connexion existante a dû être fermée par l’hôte distant
	at sun.nio.ch.SocketDispatcher.read0(Native Method) ~[?:?]
	at sun.nio.ch.SocketDispatcher.read(Unknown Source) ~[?:?]
	at sun.nio.ch.IOUtil.readIntoNativeBuffer(Unknown Source) ~[?:?]
	at sun.nio.ch.IOUtil.read(Unknown Source) ~[?:?]
	at sun.nio.ch.SocketChannelImpl.read(Unknown Source) ~[?:?]
	at io.netty.buffer.PooledHeapByteBuf.setBytes(PooledHeapByteBuf.java:261) ~[netty-buffer-4.1.13.Final.jar:4.1.13.Final]
	at io.netty.buffer.AbstractByteBuf.writeBytes(AbstractByteBuf.java:1100) ~[netty-buffer-4.1.13.Final.jar:4.1.13.Final]
	at io.netty.channel.socket.nio.NioSocketChannel.doReadBytes(NioSocketChannel.java:372) ~[netty-transport-4.1.13.Final.jar:4.1.13.Final]
	at io.netty.channel.nio.AbstractNioByteChannel$NioByteUnsafe.read(AbstractNioByteChannel.java:123) [netty-transport-4.1.13.Final.jar:4.1.13.Final]
	at io.netty.channel.nio.NioEventLoop.processSelectedKey(NioEventLoop.java:644) [netty-transport-4.1.13.Final.jar:4.1.13.Final]
	at io.netty.channel.nio.NioEventLoop.processSelectedKeysPlain(NioEventLoop.java:544) [netty-transport-4.1.13.Final.jar:4.1.13.Final]
	at io.netty.channel.nio.NioEventLoop.processSelectedKeys(NioEventLoop.java:498) [netty-transport-4.1.13.Final.jar:4.1.13.Final]
	at io.netty.channel.nio.NioEventLoop.run(NioEventLoop.java:458) [netty-transport-4.1.13.Final.jar:4.1.13.Final]
	at io.netty.util.concurrent.SingleThreadEventExecutor$5.run(SingleThreadEventExecutor.java:858) [netty-common-4.1.13.Final.jar:4.1.13.Final]
	at java.lang.Thread.run(Unknown Source) [?:?]
2018.10.04 12:59:40 WARN  es[][o.e.t.n.Netty4Transport] exception caught on transport layer [[id: 0x9d4a49c1, L:/127.0.0.1:9001 - R:/127.0.0.1:55345]], closing connection
java.io.IOException: Une connexion existante a dû être fermée par l’hôte distant
	at sun.nio.ch.SocketDispatcher.read0(Native Method) ~[?:?]
	at sun.nio.ch.SocketDispatcher.read(Unknown Source) ~[?:?]
	at sun.nio.ch.IOUtil.readIntoNativeBuffer(Unknown Source) ~[?:?]
	at sun.nio.ch.IOUtil.read(Unknown Source) ~[?:?]
	at sun.nio.ch.SocketChannelImpl.read(Unknown Source) ~[?:?]
	at io.netty.buffer.PooledHeapByteBuf.setBytes(PooledHeapByteBuf.java:261) ~[netty-buffer-4.1.13.Final.jar:4.1.13.Final]
	at io.netty.buffer.AbstractByteBuf.writeBytes(AbstractByteBuf.java:1100) ~[netty-buffer-4.1.13.Final.jar:4.1.13.Final]
	at io.netty.channel.socket.nio.NioSocketChannel.doReadBytes(NioSocketChannel.java:372) ~[netty-transport-4.1.13.Final.jar:4.1.13.Final]
	at io.netty.channel.nio.AbstractNioByteChannel$NioByteUnsafe.read(AbstractNioByteChannel.java:123) [netty-transport-4.1.13.Final.jar:4.1.13.Final]
	at io.netty.channel.nio.NioEventLoop.processSelectedKey(NioEventLoop.java:644) [netty-transport-4.1.13.Final.jar:4.1.13.Final]
	at io.netty.channel.nio.NioEventLoop.processSelectedKeysPlain(NioEventLoop.java:544) [netty-transport-4.1.13.Final.jar:4.1.13.Final]
	at io.netty.channel.nio.NioEventLoop.processSelectedKeys(NioEventLoop.java:498) [netty-transport-4.1.13.Final.jar:4.1.13.Final]
	at io.netty.channel.nio.NioEventLoop.run(NioEventLoop.java:458) [netty-transport-4.1.13.Final.jar:4.1.13.Final]
	at io.netty.util.concurrent.SingleThreadEventExecutor$5.run(SingleThreadEventExecutor.java:858) [netty-common-4.1.13.Final.jar:4.1.13.Final]
	at java.lang.Thread.run(Unknown Source) [?:?]
2018.10.04 12:59:59 INFO  es[][o.e.c.m.MetaDataCreateIndexService] [metadatas] creating index, cause [api], templates [], shards [1]/[0], mappings []
2018.10.04 13:00:00 INFO  es[][o.e.c.r.a.AllocationService] Cluster health status changed from [YELLOW] to [GREEN] (reason: [shards started [[metadatas][0]] ...]).
2018.10.04 13:00:00 INFO  es[][o.e.c.m.MetaDataMappingService] [metadatas/hs_c8UD4RmW-j77LZ-PP_A] create_mapping [metadata]
2018.10.04 13:00:01 INFO  es[][o.e.c.m.MetaDataCreateIndexService] [components] creating index, cause [api], templates [], shards [5]/[0], mappings []
2018.10.04 13:00:03 INFO  es[][o.e.c.r.a.AllocationService] Cluster health status changed from [YELLOW] to [GREEN] (reason: [shards started [[components][4]] ...]).
2018.10.04 13:00:03 INFO  es[][o.e.c.m.MetaDataMappingService] [components/nmcZBSr0RhmKrC1k1Qv3xQ] create_mapping [component]
2018.10.04 13:00:03 INFO  es[][o.e.c.m.MetaDataMappingService] [components/nmcZBSr0RhmKrC1k1Qv3xQ] create_mapping [authorization]
2018.10.04 13:00:04 INFO  es[][o.e.c.m.MetaDataCreateIndexService] [tests] creating index, cause [api], templates [], shards [5]/[0], mappings []
2018.10.04 13:00:05 INFO  es[][o.e.c.r.a.AllocationService] Cluster health status changed from [YELLOW] to [GREEN] (reason: [shards started [[tests][4]] ...]).
2018.10.04 13:00:05 INFO  es[][o.e.c.m.MetaDataMappingService] [tests/GQGzj_LUT_-KOAGt25TQlg] create_mapping [test]
2018.10.04 13:00:06 INFO  es[][o.e.c.m.MetaDataCreateIndexService] [projectmeasures] creating index, cause [api], templates [], shards [5]/[0], mappings []
2018.10.04 13:00:07 INFO  es[][o.e.c.r.a.AllocationService] Cluster health status changed from [YELLOW] to [GREEN] (reason: [shards started [[projectmeasures][4]] ...]).
2018.10.04 13:00:07 INFO  es[][o.e.c.m.MetaDataMappingService] [projectmeasures/VIVrH8hUQfmN_zYToqp0Kg] create_mapping [projectmeasure]
2018.10.04 13:00:07 INFO  es[][o.e.c.m.MetaDataMappingService] [projectmeasures/VIVrH8hUQfmN_zYToqp0Kg] create_mapping [authorization]
2018.10.04 13:00:09 INFO  es[][o.e.c.m.MetaDataCreateIndexService] [rules] creating index, cause [api], templates [], shards [2]/[0], mappings []
2018.10.04 13:00:10 INFO  es[][o.e.c.r.a.AllocationService] Cluster health status changed from [YELLOW] to [GREEN] (reason: [shards started [[rules][0]] ...]).
2018.10.04 13:00:10 INFO  es[][o.e.c.m.MetaDataMappingService] [rules/2ng8_TmeT06Ruu9vfPH7-g] create_mapping [activeRule]
2018.10.04 13:00:10 INFO  es[][o.e.c.m.MetaDataMappingService] [rules/2ng8_TmeT06Ruu9vfPH7-g] create_mapping [ruleExtension]
2018.10.04 13:00:10 INFO  es[][o.e.c.m.MetaDataMappingService] [rules/2ng8_TmeT06Ruu9vfPH7-g] create_mapping [rule]
2018.10.04 13:00:11 INFO  es[][o.e.c.m.MetaDataCreateIndexService] [issues] creating index, cause [api], templates [], shards [5]/[0], mappings []
2018.10.04 13:00:12 INFO  es[][o.e.c.r.a.AllocationService] Cluster health status changed from [YELLOW] to [GREEN] (reason: [shards started [[issues][4]] ...]).
2018.10.04 13:00:12 INFO  es[][o.e.c.m.MetaDataMappingService] [issues/tTyB-hm7S9eH-LYD5bsRsA] create_mapping [issue]
2018.10.04 13:00:12 INFO  es[][o.e.c.m.MetaDataMappingService] [issues/tTyB-hm7S9eH-LYD5bsRsA] create_mapping [authorization]
2018.10.04 13:00:13 INFO  es[][o.e.c.m.MetaDataCreateIndexService] [users] creating index, cause [api], templates [], shards [1]/[0], mappings []
2018.10.04 13:00:13 INFO  es[][o.e.c.r.a.AllocationService] Cluster health status changed from [YELLOW] to [GREEN] (reason: [shards started [[users][0]] ...]).
2018.10.04 13:00:13 INFO  es[][o.e.c.m.MetaDataMappingService] [users/0uX9OjE8SDKlieNmTL7HUw] create_mapping [user]
2018.10.04 13:00:14 INFO  es[][o.e.c.m.MetaDataCreateIndexService] [views] creating index, cause [api], templates [], shards [5]/[0], mappings []
2018.10.04 13:00:15 INFO  es[][o.e.c.r.a.AllocationService] Cluster health status changed from [YELLOW] to [GREEN] (reason: [shards started [[views][4]] ...]).
2018.10.04 13:00:15 INFO  es[][o.e.c.m.MetaDataMappingService] [views/8NZuGjRCSb60adeCF9ceLg] create_mapping [view]
2018.10.04 13:01:07 INFO  es[][o.e.c.s.IndexScopedSettings] updating [index.refresh_interval] from [30s] to [-1]
2018.10.04 13:01:07 INFO  es[][o.e.c.s.IndexScopedSettings] updating [index.refresh_interval] from [30s] to [-1]
2018.10.04 13:01:08 INFO  es[][o.e.c.s.IndexScopedSettings] updating [index.refresh_interval] from [-1] to [30s]
2018.10.04 13:01:08 INFO  es[][o.e.c.s.IndexScopedSettings] updating [index.refresh_interval] from [-1] to [30s]
2018.10.04 13:01:09 INFO  es[][o.e.c.s.IndexScopedSettings] updating [index.refresh_interval] from [30s] to [-1]
2018.10.04 13:01:09 INFO  es[][o.e.c.s.IndexScopedSettings] updating [index.refresh_interval] from [30s] to [-1]
2018.10.04 13:01:09 INFO  es[][o.e.c.s.IndexScopedSettings] updating [index.refresh_interval] from [-1] to [30s]
2018.10.04 13:01:09 INFO  es[][o.e.c.s.IndexScopedSettings] updating [index.refresh_interval] from [-1] to [30s]
2018.10.04 13:01:22 WARN  es[][o.e.t.n.Netty4Transport] exception caught on transport layer [[id: 0x7b3f73db, L:/127.0.0.1:9001 - R:/127.0.0.1:55472]], closing connection
java.io.IOException: Une connexion existante a dû être fermée par l’hôte distant
	at sun.nio.ch.SocketDispatcher.read0(Native Method) ~[?:?]
	at sun.nio.ch.SocketDispatcher.read(Unknown Source) ~[?:?]
	at sun.nio.ch.IOUtil.readIntoNativeBuffer(Unknown Source) ~[?:?]
	at sun.nio.ch.IOUtil.read(Unknown Source) ~[?:?]
	at sun.nio.ch.SocketChannelImpl.read(Unknown Source) ~[?:?]
	at io.netty.buffer.PooledHeapByteBuf.setBytes(PooledHeapByteBuf.java:261) ~[netty-buffer-4.1.13.Final.jar:4.1.13.Final]
	at io.netty.buffer.AbstractByteBuf.writeBytes(AbstractByteBuf.java:1100) ~[netty-buffer-4.1.13.Final.jar:4.1.13.Final]
	at io.netty.channel.socket.nio.NioSocketChannel.doReadBytes(NioSocketChannel.java:372) ~[netty-transport-4.1.13.Final.jar:4.1.13.Final]
	at io.netty.channel.nio.AbstractNioByteChannel$NioByteUnsafe.read(AbstractNioByteChannel.java:123) [netty-transport-4.1.13.Final.jar:4.1.13.Final]
	at io.netty.channel.nio.NioEventLoop.processSelectedKey(NioEventLoop.java:644) [netty-transport-4.1.13.Final.jar:4.1.13.Final]
	at io.netty.channel.nio.NioEventLoop.processSelectedKeysPlain(NioEventLoop.java:544) [netty-transport-4.1.13.Final.jar:4.1.13.Final]
	at io.netty.channel.nio.NioEventLoop.processSelectedKeys(NioEventLoop.java:498) [netty-transport-4.1.13.Final.jar:4.1.13.Final]
	at io.netty.channel.nio.NioEventLoop.run(NioEventLoop.java:458) [netty-transport-4.1.13.Final.jar:4.1.13.Final]
	at io.netty.util.concurrent.SingleThreadEventExecutor$5.run(SingleThreadEventExecutor.java:858) [netty-common-4.1.13.Final.jar:4.1.13.Final]
	at java.lang.Thread.run(Unknown Source) [?:?]
2018.10.04 13:01:22 WARN  es[][o.e.t.n.Netty4Transport] exception caught on transport layer [[id: 0xfa41f47d, L:/127.0.0.1:9001 - R:/127.0.0.1:55476]], closing connection
java.io.IOException: Une connexion existante a dû être fermée par l’hôte distant
	at sun.nio.ch.SocketDispatcher.read0(Native Method) ~[?:?]
	at sun.nio.ch.SocketDispatcher.read(Unknown Source) ~[?:?]
	at sun.nio.ch.IOUtil.readIntoNativeBuffer(Unknown Source) ~[?:?]
	at sun.nio.ch.IOUtil.read(Unknown Source) ~[?:?]
	at sun.nio.ch.SocketChannelImpl.read(Unknown Source) ~[?:?]
	at io.netty.buffer.PooledHeapByteBuf.setBytes(PooledHeapByteBuf.java:261) ~[netty-buffer-4.1.13.Final.jar:4.1.13.Final]
	at io.netty.buffer.AbstractByteBuf.writeBytes(AbstractByteBuf.java:1100) ~[netty-buffer-4.1.13.Final.jar:4.1.13.Final]
	at io.netty.channel.socket.nio.NioSocketChannel.doReadBytes(NioSocketChannel.java:372) ~[netty-transport-4.1.13.Final.jar:4.1.13.Final]
	at io.netty.channel.nio.AbstractNioByteChannel$NioByteUnsafe.read(AbstractNioByteChannel.java:123) [netty-transport-4.1.13.Final.jar:4.1.13.Final]
	at io.netty.channel.nio.NioEventLoop.processSelectedKey(NioEventLoop.java:644) [netty-transport-4.1.13.Final.jar:4.1.13.Final]
	at io.netty.channel.nio.NioEventLoop.processSelectedKeysPlain(NioEventLoop.java:544) [netty-transport-4.1.13.Final.jar:4.1.13.Final]
	at io.netty.channel.nio.NioEventLoop.processSelectedKeys(NioEventLoop.java:498) [netty-transport-4.1.13.Final.jar:4.1.13.Final]
	at io.netty.channel.nio.NioEventLoop.run(NioEventLoop.java:458) [netty-transport-4.1.13.Final.jar:4.1.13.Final]
	at io.netty.util.concurrent.SingleThreadEventExecutor$5.run(SingleThreadEventExecutor.java:858) [netty-common-4.1.13.Final.jar:4.1.13.Final]
	at java.lang.Thread.run(Unknown Source) [?:?]
2018.10.04 13:01:22 WARN  es[][o.e.t.n.Netty4Transport] exception caught on transport layer [[id: 0x81132958, L:/127.0.0.1:9001 - R:/127.0.0.1:55480]], closing connection
java.io.IOException: Une connexion existante a dû être fermée par l’hôte distant
	at sun.nio.ch.SocketDispatcher.read0(Native Method) ~[?:?]
	at sun.nio.ch.SocketDispatcher.read(Unknown Source) ~[?:?]
	at sun.nio.ch.IOUtil.readIntoNativeBuffer(Unknown Source) ~[?:?]
	at sun.nio.ch.IOUtil.read(Unknown Source) ~[?:?]
	at sun.nio.ch.SocketChannelImpl.read(Unknown Source) ~[?:?]
	at io.netty.buffer.PooledHeapByteBuf.setBytes(PooledHeapByteBuf.java:261) ~[netty-buffer-4.1.13.Final.jar:4.1.13.Final]
	at io.netty.buffer.AbstractByteBuf.writeBytes(AbstractByteBuf.java:1100) ~[netty-buffer-4.1.13.Final.jar:4.1.13.Final]
	at io.netty.channel.socket.nio.NioSocketChannel.doReadBytes(NioSocketChannel.java:372) ~[netty-transport-4.1.13.Final.jar:4.1.13.Final]
	at io.netty.channel.nio.AbstractNioByteChannel$NioByteUnsafe.read(AbstractNioByteChannel.java:123) [netty-transport-4.1.13.Final.jar:4.1.13.Final]
	at io.netty.channel.nio.NioEventLoop.processSelectedKey(NioEventLoop.java:644) [netty-transport-4.1.13.Final.jar:4.1.13.Final]
	at io.netty.channel.nio.NioEventLoop.processSelectedKeysPlain(NioEventLoop.java:544) [netty-transport-4.1.13.Final.jar:4.1.13.Final]
	at io.netty.channel.nio.NioEventLoop.processSelectedKeys(NioEventLoop.java:498) [netty-transport-4.1.13.Final.jar:4.1.13.Final]
	at io.netty.channel.nio.NioEventLoop.run(NioEventLoop.java:458) [netty-transport-4.1.13.Final.jar:4.1.13.Final]
	at io.netty.util.concurrent.SingleThreadEventExecutor$5.run(SingleThreadEventExecutor.java:858) [netty-common-4.1.13.Final.jar:4.1.13.Final]
	at java.lang.Thread.run(Unknown Source) [?:?]
2018.10.04 13:01:22 WARN  es[][o.e.t.n.Netty4Transport] exception caught on transport layer [[id: 0xaa1611a4, L:/127.0.0.1:9001 - R:/127.0.0.1:55478]], closing connection
java.io.IOException: Une connexion existante a dû être fermée par l’hôte distant
	at sun.nio.ch.SocketDispatcher.read0(Native Method) ~[?:?]
	at sun.nio.ch.SocketDispatcher.read(Unknown Source) ~[?:?]
	at sun.nio.ch.IOUtil.readIntoNativeBuffer(Unknown Source) ~[?:?]
	at sun.nio.ch.IOUtil.read(Unknown Source) ~[?:?]
	at sun.nio.ch.SocketChannelImpl.read(Unknown Source) ~[?:?]
	at io.netty.buffer.PooledHeapByteBuf.setBytes(PooledHeapByteBuf.java:261) ~[netty-buffer-4.1.13.Final.jar:4.1.13.Final]
	at io.netty.buffer.AbstractByteBuf.writeBytes(AbstractByteBuf.java:1100) ~[netty-buffer-4.1.13.Final.jar:4.1.13.Final]
	at io.netty.channel.socket.nio.NioSocketChannel.doReadBytes(NioSocketChannel.java:372) ~[netty-transport-4.1.13.Final.jar:4.1.13.Final]
	at io.netty.channel.nio.AbstractNioByteChannel$NioByteUnsafe.read(AbstractNioByteChannel.java:123) [netty-transport-4.1.13.Final.jar:4.1.13.Final]
	at io.netty.channel.nio.NioEventLoop.processSelectedKey(NioEventLoop.java:644) [netty-transport-4.1.13.Final.jar:4.1.13.Final]
	at io.netty.channel.nio.NioEventLoop.processSelectedKeysPlain(NioEventLoop.java:544) [netty-transport-4.1.13.Final.jar:4.1.13.Final]
	at io.netty.channel.nio.NioEventLoop.processSelectedKeys(NioEventLoop.java:498) [netty-transport-4.1.13.Final.jar:4.1.13.Final]
	at io.netty.channel.nio.NioEventLoop.run(NioEventLoop.java:458) [netty-transport-4.1.13.Final.jar:4.1.13.Final]
	at io.netty.util.concurrent.SingleThreadEventExecutor$5.run(SingleThreadEventExecutor.java:858) [netty-common-4.1.13.Final.jar:4.1.13.Final]
	at java.lang.Thread.run(Unknown Source) [?:?]
2018.10.04 13:01:22 WARN  es[][o.e.t.n.Netty4Transport] exception caught on transport layer [[id: 0x8143359c, L:/127.0.0.1:9001 - R:/127.0.0.1:55484]], closing connection
java.io.IOException: Une connexion existante a dû être fermée par l’hôte distant
	at sun.nio.ch.SocketDispatcher.read0(Native Method) ~[?:?]
	at sun.nio.ch.SocketDispatcher.read(Unknown Source) ~[?:?]
	at sun.nio.ch.IOUtil.readIntoNativeBuffer(Unknown Source) ~[?:?]
	at sun.nio.ch.IOUtil.read(Unknown Source) ~[?:?]
	at sun.nio.ch.SocketChannelImpl.read(Unknown Source) ~[?:?]
	at io.netty.buffer.PooledHeapByteBuf.setBytes(PooledHeapByteBuf.java:261) ~[netty-buffer-4.1.13.Final.jar:4.1.13.Final]
	at io.netty.buffer.AbstractByteBuf.writeBytes(AbstractByteBuf.java:1100) ~[netty-buffer-4.1.13.Final.jar:4.1.13.Final]
	at io.netty.channel.socket.nio.NioSocketChannel.doReadBytes(NioSocketChannel.java:372) ~[netty-transport-4.1.13.Final.jar:4.1.13.Final]
	at io.netty.channel.nio.AbstractNioByteChannel$NioByteUnsafe.read(AbstractNioByteChannel.java:123) [netty-transport-4.1.13.Final.jar:4.1.13.Final]
	at io.netty.channel.nio.NioEventLoop.processSelectedKey(NioEventLoop.java:644) [netty-transport-4.1.13.Final.jar:4.1.13.Final]
	at io.netty.channel.nio.NioEventLoop.processSelectedKeysPlain(NioEventLoop.java:544) [netty-transport-4.1.13.Final.jar:4.1.13.Final]
	at io.netty.channel.nio.NioEventLoop.processSelectedKeys(NioEventLoop.java:498) [netty-transport-4.1.13.Final.jar:4.1.13.Final]
	at io.netty.channel.nio.NioEventLoop.run(NioEventLoop.java:458) [netty-transport-4.1.13.Final.jar:4.1.13.Final]
	at io.netty.util.concurrent.SingleThreadEventExecutor$5.run(SingleThreadEventExecutor.java:858) [netty-common-4.1.13.Final.jar:4.1.13.Final]
	at java.lang.Thread.run(Unknown Source) [?:?]
2018.10.04 13:01:22 WARN  es[][o.e.t.n.Netty4Transport] exception caught on transport layer [[id: 0x00699d6b, L:/127.0.0.1:9001 - R:/127.0.0.1:55477]], closing connection
java.io.IOException: Une connexion existante a dû être fermée par l’hôte distant
	at sun.nio.ch.SocketDispatcher.read0(Native Method) ~[?:?]
	at sun.nio.ch.SocketDispatcher.read(Unknown Source) ~[?:?]
	at sun.nio.ch.IOUtil.readIntoNativeBuffer(Unknown Source) ~[?:?]
	at sun.nio.ch.IOUtil.read(Unknown Source) ~[?:?]
	at sun.nio.ch.SocketChannelImpl.read(Unknown Source) ~[?:?]
	at io.netty.buffer.PooledHeapByteBuf.setBytes(PooledHeapByteBuf.java:261) ~[netty-buffer-4.1.13.Final.jar:4.1.13.Final]
	at io.netty.buffer.AbstractByteBuf.writeBytes(AbstractByteBuf.java:1100) ~[netty-buffer-4.1.13.Final.jar:4.1.13.Final]
	at io.netty.channel.socket.nio.NioSocketChannel.doReadBytes(NioSocketChannel.java:372) ~[netty-transport-4.1.13.Final.jar:4.1.13.Final]
	at io.netty.channel.nio.AbstractNioByteChannel$NioByteUnsafe.read(AbstractNioByteChannel.java:123) [netty-transport-4.1.13.Final.jar:4.1.13.Final]
	at io.netty.channel.nio.NioEventLoop.processSelectedKey(NioEventLoop.java:644) [netty-transport-4.1.13.Final.jar:4.1.13.Final]
	at io.netty.channel.nio.NioEventLoop.processSelectedKeysPlain(NioEventLoop.java:544) [netty-transport-4.1.13.Final.jar:4.1.13.Final]
	at io.netty.channel.nio.NioEventLoop.processSelectedKeys(NioEventLoop.java:498) [netty-transport-4.1.13.Final.jar:4.1.13.Final]
	at io.netty.channel.nio.NioEventLoop.run(NioEventLoop.java:458) [netty-transport-4.1.13.Final.jar:4.1.13.Final]
	at io.netty.util.concurrent.SingleThreadEventExecutor$5.run(SingleThreadEventExecutor.java:858) [netty-common-4.1.13.Final.jar:4.1.13.Final]
	at java.lang.Thread.run(Unknown Source) [?:?]
2018.10.04 13:01:22 WARN  es[][o.e.t.n.Netty4Transport] exception caught on transport layer [[id: 0x8eceee52, L:/127.0.0.1:9001 - R:/127.0.0.1:55473]], closing connection
java.io.IOException: Une connexion existante a dû être fermée par l’hôte distant
	at sun.nio.ch.SocketDispatcher.read0(Native Method) ~[?:?]
	at sun.nio.ch.SocketDispatcher.read(Unknown Source) ~[?:?]
	at sun.nio.ch.IOUtil.readIntoNativeBuffer(Unknown Source) ~[?:?]
	at sun.nio.ch.IOUtil.read(Unknown Source) ~[?:?]
	at sun.nio.ch.SocketChannelImpl.read(Unknown Source) ~[?:?]
	at io.netty.buffer.PooledHeapByteBuf.setBytes(PooledHeapByteBuf.java:261) ~[netty-buffer-4.1.13.Final.jar:4.1.13.Final]
	at io.netty.buffer.AbstractByteBuf.writeBytes(AbstractByteBuf.java:1100) ~[netty-buffer-4.1.13.Final.jar:4.1.13.Final]
	at io.netty.channel.socket.nio.NioSocketChannel.doReadBytes(NioSocketChannel.java:372) ~[netty-transport-4.1.13.Final.jar:4.1.13.Final]
	at io.netty.channel.nio.AbstractNioByteChannel$NioByteUnsafe.read(AbstractNioByteChannel.java:123) [netty-transport-4.1.13.Final.jar:4.1.13.Final]
	at io.netty.channel.nio.NioEventLoop.processSelectedKey(NioEventLoop.java:644) [netty-transport-4.1.13.Final.jar:4.1.13.Final]
	at io.netty.channel.nio.NioEventLoop.processSelectedKeysPlain(NioEventLoop.java:544) [netty-transport-4.1.13.Final.jar:4.1.13.Final]
	at io.netty.channel.nio.NioEventLoop.processSelectedKeys(NioEventLoop.java:498) [netty-transport-4.1.13.Final.jar:4.1.13.Final]
	at io.netty.channel.nio.NioEventLoop.run(NioEventLoop.java:458) [netty-transport-4.1.13.Final.jar:4.1.13.Final]
	at io.netty.util.concurrent.SingleThreadEventExecutor$5.run(SingleThreadEventExecutor.java:858) [netty-common-4.1.13.Final.jar:4.1.13.Final]
	at java.lang.Thread.run(Unknown Source) [?:?]
2018.10.04 13:01:22 WARN  es[][o.e.t.n.Netty4Transport] exception caught on transport layer [[id: 0x1e59604a, L:/127.0.0.1:9001 - R:/127.0.0.1:55475]], closing connection
java.io.IOException: Une connexion existante a dû être fermée par l’hôte distant
	at sun.nio.ch.SocketDispatcher.read0(Native Method) ~[?:?]
	at sun.nio.ch.SocketDispatcher.read(Unknown Source) ~[?:?]
	at sun.nio.ch.IOUtil.readIntoNativeBuffer(Unknown Source) ~[?:?]
	at sun.nio.ch.IOUtil.read(Unknown Source) ~[?:?]
	at sun.nio.ch.SocketChannelImpl.read(Unknown Source) ~[?:?]
	at io.netty.buffer.PooledHeapByteBuf.setBytes(PooledHeapByteBuf.java:261) ~[netty-buffer-4.1.13.Final.jar:4.1.13.Final]
	at io.netty.buffer.AbstractByteBuf.writeBytes(AbstractByteBuf.java:1100) ~[netty-buffer-4.1.13.Final.jar:4.1.13.Final]
	at io.netty.buffer.WrappedByteBuf.writeBytes(WrappedByteBuf.java:813) ~[netty-buffer-4.1.13.Final.jar:4.1.13.Final]
	at io.netty.channel.socket.nio.NioSocketChannel.doReadBytes(NioSocketChannel.java:372) ~[netty-transport-4.1.13.Final.jar:4.1.13.Final]
	at io.netty.channel.nio.AbstractNioByteChannel$NioByteUnsafe.read(AbstractNioByteChannel.java:123) [netty-transport-4.1.13.Final.jar:4.1.13.Final]
	at io.netty.channel.nio.NioEventLoop.processSelectedKey(NioEventLoop.java:644) [netty-transport-4.1.13.Final.jar:4.1.13.Final]
	at io.netty.channel.nio.NioEventLoop.processSelectedKeysPlain(NioEventLoop.java:544) [netty-transport-4.1.13.Final.jar:4.1.13.Final]
	at io.netty.channel.nio.NioEventLoop.processSelectedKeys(NioEventLoop.java:498) [netty-transport-4.1.13.Final.jar:4.1.13.Final]
	at io.netty.channel.nio.NioEventLoop.run(NioEventLoop.java:458) [netty-transport-4.1.13.Final.jar:4.1.13.Final]
	at io.netty.util.concurrent.SingleThreadEventExecutor$5.run(SingleThreadEventExecutor.java:858) [netty-common-4.1.13.Final.jar:4.1.13.Final]
	at java.lang.Thread.run(Unknown Source) [?:?]
2018.10.04 13:01:22 WARN  es[][o.e.t.n.Netty4Transport] exception caught on transport layer [[id: 0x0ef66ec3, L:/127.0.0.1:9001 - R:/127.0.0.1:55474]], closing connection
java.io.IOException: Une connexion existante a dû être fermée par l’hôte distant
	at sun.nio.ch.SocketDispatcher.read0(Native Method) ~[?:?]
	at sun.nio.ch.SocketDispatcher.read(Unknown Source) ~[?:?]
	at sun.nio.ch.IOUtil.readIntoNativeBuffer(Unknown Source) ~[?:?]
	at sun.nio.ch.IOUtil.read(Unknown Source) ~[?:?]
	at sun.nio.ch.SocketChannelImpl.read(Unknown Source) ~[?:?]
	at io.netty.buffer.PooledHeapByteBuf.setBytes(PooledHeapByteBuf.java:261) ~[netty-buffer-4.1.13.Final.jar:4.1.13.Final]
	at io.netty.buffer.AbstractByteBuf.writeBytes(AbstractByteBuf.java:1100) ~[netty-buffer-4.1.13.Final.jar:4.1.13.Final]
	at io.netty.channel.socket.nio.NioSocketChannel.doReadBytes(NioSocketChannel.java:372) ~[netty-transport-4.1.13.Final.jar:4.1.13.Final]
	at io.netty.channel.nio.AbstractNioByteChannel$NioByteUnsafe.read(AbstractNioByteChannel.java:123) [netty-transport-4.1.13.Final.jar:4.1.13.Final]
	at io.netty.channel.nio.NioEventLoop.processSelectedKey(NioEventLoop.java:644) [netty-transport-4.1.13.Final.jar:4.1.13.Final]
	at io.netty.channel.nio.NioEventLoop.processSelectedKeysPlain(NioEventLoop.java:544) [netty-transport-4.1.13.Final.jar:4.1.13.Final]
	at io.netty.channel.nio.NioEventLoop.processSelectedKeys(NioEventLoop.java:498) [netty-transport-4.1.13.Final.jar:4.1.13.Final]
	at io.netty.channel.nio.NioEventLoop.run(NioEventLoop.java:458) [netty-transport-4.1.13.Final.jar:4.1.13.Final]
	at io.netty.util.concurrent.SingleThreadEventExecutor$5.run(SingleThreadEventExecutor.java:858) [netty-common-4.1.13.Final.jar:4.1.13.Final]
	at java.lang.Thread.run(Unknown Source) [?:?]
2018.10.04 13:01:22 WARN  es[][o.e.t.n.Netty4Transport] exception caught on transport layer [[id: 0xb3b5bb25, L:/127.0.0.1:9001 - R:/127.0.0.1:55483]], closing connection
java.io.IOException: Une connexion existante a dû être fermée par l’hôte distant
	at sun.nio.ch.SocketDispatcher.read0(Native Method) ~[?:?]
	at sun.nio.ch.SocketDispatcher.read(Unknown Source) ~[?:?]
	at sun.nio.ch.IOUtil.readIntoNativeBuffer(Unknown Source) ~[?:?]
	at sun.nio.ch.IOUtil.read(Unknown Source) ~[?:?]
	at sun.nio.ch.SocketChannelImpl.read(Unknown Source) ~[?:?]
	at io.netty.buffer.PooledHeapByteBuf.setBytes(PooledHeapByteBuf.java:261) ~[netty-buffer-4.1.13.Final.jar:4.1.13.Final]
	at io.netty.buffer.AbstractByteBuf.writeBytes(AbstractByteBuf.java:1100) ~[netty-buffer-4.1.13.Final.jar:4.1.13.Final]
	at io.netty.channel.socket.nio.NioSocketChannel.doReadBytes(NioSocketChannel.java:372) ~[netty-transport-4.1.13.Final.jar:4.1.13.Final]
	at io.netty.channel.nio.AbstractNioByteChannel$NioByteUnsafe.read(AbstractNioByteChannel.java:123) [netty-transport-4.1.13.Final.jar:4.1.13.Final]
	at io.netty.channel.nio.NioEventLoop.processSelectedKey(NioEventLoop.java:644) [netty-transport-4.1.13.Final.jar:4.1.13.Final]
	at io.netty.channel.nio.NioEventLoop.processSelectedKeysPlain(NioEventLoop.java:544) [netty-transport-4.1.13.Final.jar:4.1.13.Final]
	at io.netty.channel.nio.NioEventLoop.processSelectedKeys(NioEventLoop.java:498) [netty-transport-4.1.13.Final.jar:4.1.13.Final]
	at io.netty.channel.nio.NioEventLoop.run(NioEventLoop.java:458) [netty-transport-4.1.13.Final.jar:4.1.13.Final]
	at io.netty.util.concurrent.SingleThreadEventExecutor$5.run(SingleThreadEventExecutor.java:858) [netty-common-4.1.13.Final.jar:4.1.13.Final]
	at java.lang.Thread.run(Unknown Source) [?:?]
2018.10.04 13:01:22 WARN  es[][o.e.t.n.Netty4Transport] exception caught on transport layer [[id: 0xf6057975, L:/127.0.0.1:9001 - R:/127.0.0.1:55482]], closing connection
java.io.IOException: Une connexion existante a dû être fermée par l’hôte distant
	at sun.nio.ch.SocketDispatcher.read0(Native Method) ~[?:?]
	at sun.nio.ch.SocketDispatcher.read(Unknown Source) ~[?:?]
	at sun.nio.ch.IOUtil.readIntoNativeBuffer(Unknown Source) ~[?:?]
	at sun.nio.ch.IOUtil.read(Unknown Source) ~[?:?]
	at sun.nio.ch.SocketChannelImpl.read(Unknown Source) ~[?:?]
	at io.netty.buffer.PooledHeapByteBuf.setBytes(PooledHeapByteBuf.java:261) ~[netty-buffer-4.1.13.Final.jar:4.1.13.Final]
	at io.netty.buffer.AbstractByteBuf.writeBytes(AbstractByteBuf.java:1100) ~[netty-buffer-4.1.13.Final.jar:4.1.13.Final]
	at io.netty.channel.socket.nio.NioSocketChannel.doReadBytes(NioSocketChannel.java:372) ~[netty-transport-4.1.13.Final.jar:4.1.13.Final]
	at io.netty.channel.nio.AbstractNioByteChannel$NioByteUnsafe.read(AbstractNioByteChannel.java:123) [netty-transport-4.1.13.Final.jar:4.1.13.Final]
	at io.netty.channel.nio.NioEventLoop.processSelectedKey(NioEventLoop.java:644) [netty-transport-4.1.13.Final.jar:4.1.13.Final]
	at io.netty.channel.nio.NioEventLoop.processSelectedKeysPlain(NioEventLoop.java:544) [netty-transport-4.1.13.Final.jar:4.1.13.Final]
	at io.netty.channel.nio.NioEventLoop.processSelectedKeys(NioEventLoop.java:498) [netty-transport-4.1.13.Final.jar:4.1.13.Final]
	at io.netty.channel.nio.NioEventLoop.run(NioEventLoop.java:458) [netty-transport-4.1.13.Final.jar:4.1.13.Final]
	at io.netty.util.concurrent.SingleThreadEventExecutor$5.run(SingleThreadEventExecutor.java:858) [netty-common-4.1.13.Final.jar:4.1.13.Final]
	at java.lang.Thread.run(Unknown Source) [?:?]
2018.10.04 13:01:22 WARN  es[][o.e.t.n.Netty4Transport] exception caught on transport layer [[id: 0xbeda8af6, L:/127.0.0.1:9001 - R:/127.0.0.1:55481]], closing connection
java.io.IOException: Une connexion existante a dû être fermée par l’hôte distant
	at sun.nio.ch.SocketDispatcher.read0(Native Method) ~[?:?]
	at sun.nio.ch.SocketDispatcher.read(Unknown Source) ~[?:?]
	at sun.nio.ch.IOUtil.readIntoNativeBuffer(Unknown Source) ~[?:?]
	at sun.nio.ch.IOUtil.read(Unknown Source) ~[?:?]
	at sun.nio.ch.SocketChannelImpl.read(Unknown Source) ~[?:?]
	at io.netty.buffer.PooledHeapByteBuf.setBytes(PooledHeapByteBuf.java:261) ~[netty-buffer-4.1.13.Final.jar:4.1.13.Final]
	at io.netty.buffer.AbstractByteBuf.writeBytes(AbstractByteBuf.java:1100) ~[netty-buffer-4.1.13.Final.jar:4.1.13.Final]
	at io.netty.channel.socket.nio.NioSocketChannel.doReadBytes(NioSocketChannel.java:372) ~[netty-transport-4.1.13.Final.jar:4.1.13.Final]
	at io.netty.channel.nio.AbstractNioByteChannel$NioByteUnsafe.read(AbstractNioByteChannel.java:123) [netty-transport-4.1.13.Final.jar:4.1.13.Final]
	at io.netty.channel.nio.NioEventLoop.processSelectedKey(NioEventLoop.java:644) [netty-transport-4.1.13.Final.jar:4.1.13.Final]
	at io.netty.channel.nio.NioEventLoop.processSelectedKeysPlain(NioEventLoop.java:544) [netty-transport-4.1.13.Final.jar:4.1.13.Final]
	at io.netty.channel.nio.NioEventLoop.processSelectedKeys(NioEventLoop.java:498) [netty-transport-4.1.13.Final.jar:4.1.13.Final]
	at io.netty.channel.nio.NioEventLoop.run(NioEventLoop.java:458) [netty-transport-4.1.13.Final.jar:4.1.13.Final]
	at io.netty.util.concurrent.SingleThreadEventExecutor$5.run(SingleThreadEventExecutor.java:858) [netty-common-4.1.13.Final.jar:4.1.13.Final]
	at java.lang.Thread.run(Unknown Source) [?:?]
2018.10.04 13:01:22 WARN  es[][o.e.t.n.Netty4Transport] exception caught on transport layer [[id: 0x133ffd41, L:/127.0.0.1:9001 - R:/127.0.0.1:55479]], closing connection
java.io.IOException: Une connexion existante a dû être fermée par l’hôte distant
	at sun.nio.ch.SocketDispatcher.read0(Native Method) ~[?:?]
	at sun.nio.ch.SocketDispatcher.read(Unknown Source) ~[?:?]
	at sun.nio.ch.IOUtil.readIntoNativeBuffer(Unknown Source) ~[?:?]
	at sun.nio.ch.IOUtil.read(Unknown Source) ~[?:?]
	at sun.nio.ch.SocketChannelImpl.read(Unknown Source) ~[?:?]
	at io.netty.buffer.PooledHeapByteBuf.setBytes(PooledHeapByteBuf.java:261) ~[netty-buffer-4.1.13.Final.jar:4.1.13.Final]
	at io.netty.buffer.AbstractByteBuf.writeBytes(AbstractByteBuf.java:1100) ~[netty-buffer-4.1.13.Final.jar:4.1.13.Final]
	at io.netty.channel.socket.nio.NioSocketChannel.doReadBytes(NioSocketChannel.java:372) ~[netty-transport-4.1.13.Final.jar:4.1.13.Final]
	at io.netty.channel.nio.AbstractNioByteChannel$NioByteUnsafe.read(AbstractNioByteChannel.java:123) [netty-transport-4.1.13.Final.jar:4.1.13.Final]
	at io.netty.channel.nio.NioEventLoop.processSelectedKey(NioEventLoop.java:644) [netty-transport-4.1.13.Final.jar:4.1.13.Final]
	at io.netty.channel.nio.NioEventLoop.processSelectedKeysPlain(NioEventLoop.java:544) [netty-transport-4.1.13.Final.jar:4.1.13.Final]
	at io.netty.channel.nio.NioEventLoop.processSelectedKeys(NioEventLoop.java:498) [netty-transport-4.1.13.Final.jar:4.1.13.Final]
	at io.netty.channel.nio.NioEventLoop.run(NioEventLoop.java:458) [netty-transport-4.1.13.Final.jar:4.1.13.Final]
	at io.netty.util.concurrent.SingleThreadEventExecutor$5.run(SingleThreadEventExecutor.java:858) [netty-common-4.1.13.Final.jar:4.1.13.Final]
	at java.lang.Thread.run(Unknown Source) [?:?]
