SonarQube installed.
Starting the SonarQube service...
--> Wrapper Started as Service
Launching a JVM...
Waiting to start...
Wrapper (Version 3.2.3) http://wrapper.tanukisoftware.org
  Copyright 1999-2006 Tanuki Software, Inc.  All Rights Reserved.

2018.10.04 12:59:16 INFO  app[][o.s.a.AppFileSystem] Cleaning or creating temp directory D:\GIT\ICE_DevOps\tmp\sonarqube-7.3\temp
2018.10.04 12:59:16 INFO  app[][o.s.a.es.EsSettings] Elasticsearch listening on /127.0.0.1:9001
2018.10.04 12:59:17 INFO  app[][o.s.a.p.ProcessLauncherImpl] Launch process[[key='es', ipcIndex=1, logFilenamePrefix=es]] from [D:\GIT\ICE_DevOps\tmp\sonarqube-7.3\elasticsearch]: D:\Program Files\Java\jre-9.0.4\bin\java -XX:+UseConcMarkSweepGC -XX:CMSInitiatingOccupancyFraction=75 -XX:+UseCMSInitiatingOccupancyOnly -XX:+AlwaysPreTouch -server -Xss1m -Djava.awt.headless=true -Dfile.encoding=UTF-8 -Djna.nosys=true -Djdk.io.permissionsUseCanonicalPath=true -Dio.netty.noUnsafe=true -Dio.netty.noKeySetOptimization=true -Dio.netty.recycler.maxCapacityPerThread=0 -Dlog4j.shutdownHookEnabled=false -Dlog4j2.disable.jmx=true -Dlog4j.skipJansi=true -Xms512m -Xmx512m -XX:+HeapDumpOnOutOfMemoryError -Delasticsearch -Des.path.home=D:\GIT\ICE_DevOps\tmp\sonarqube-7.3\elasticsearch -cp lib/* org.elasticsearch.bootstrap.Elasticsearch -Epath.conf=D:\GIT\ICE_DevOps\tmp\sonarqube-7.3\temp\conf\es
2018.10.04 12:59:17 INFO  app[][o.s.a.SchedulerImpl] Waiting for Elasticsearch to be up and running
Java HotSpot(TM) 64-Bit Server VM warning: Option UseConcMarkSweepGC was deprecated in version 9.0 and will likely be removed in a future release.
2018.10.04 12:59:18 INFO  app[][o.e.p.PluginsService] no modules loaded
2018.10.04 12:59:18 INFO  app[][o.e.p.PluginsService] loaded plugin [org.elasticsearch.transport.Netty4Plugin]
SonarQube started.
WARNING: An illegal reflective access operation has occurred
WARNING: Illegal reflective access by io.netty.util.internal.ReflectionUtil (file:/D:/GIT/ICE_DevOps/tmp/sonarqube-7.3/lib/common/netty-common-4.1.13.Final.jar) to constructor java.nio.DirectByteBuffer(long,int)
WARNING: Please consider reporting this to the maintainers of io.netty.util.internal.ReflectionUtil
WARNING: Use --illegal-access=warn to enable warnings of further illegal reflective access operations
WARNING: All illegal access operations will be denied in a future release
--> Wrapper Started as Console
Launching a JVM...
Wrapper (Version 3.2.3) http://wrapper.tanukisoftware.org
  Copyright 1999-2006 Tanuki Software, Inc.  All Rights Reserved.

2018.10.04 12:59:31 INFO  app[][o.s.a.AppFileSystem] Cleaning or creating temp directory D:\GIT\ICE_DevOps\tmp\sonarqube-7.3\temp
2018.10.04 12:59:31 INFO  app[][o.s.a.es.EsSettings] Elasticsearch listening on /127.0.0.1:9001
2018.10.04 12:59:31 INFO  app[][o.s.a.p.ProcessLauncherImpl] Launch process[[key='es', ipcIndex=1, logFilenamePrefix=es]] from [D:\GIT\ICE_DevOps\tmp\sonarqube-7.3\elasticsearch]: D:\Program Files\Java\jre-9.0.4\bin\java -XX:+UseConcMarkSweepGC -XX:CMSInitiatingOccupancyFraction=75 -XX:+UseCMSInitiatingOccupancyOnly -XX:+AlwaysPreTouch -server -Xss1m -Djava.awt.headless=true -Dfile.encoding=UTF-8 -Djna.nosys=true -Djdk.io.permissionsUseCanonicalPath=true -Dio.netty.noUnsafe=true -Dio.netty.noKeySetOptimization=true -Dio.netty.recycler.maxCapacityPerThread=0 -Dlog4j.shutdownHookEnabled=false -Dlog4j2.disable.jmx=true -Dlog4j.skipJansi=true -Xms512m -Xmx512m -XX:+HeapDumpOnOutOfMemoryError -Delasticsearch -Des.path.home=D:\GIT\ICE_DevOps\tmp\sonarqube-7.3\elasticsearch -cp lib/* org.elasticsearch.bootstrap.Elasticsearch -Epath.conf=D:\GIT\ICE_DevOps\tmp\sonarqube-7.3\temp\conf\es
2018.10.04 12:59:31 INFO  app[][o.s.a.SchedulerImpl] Waiting for Elasticsearch to be up and running
2018.10.04 12:59:32 INFO  app[][o.e.p.PluginsService] no modules loaded
2018.10.04 12:59:32 INFO  app[][o.e.p.PluginsService] loaded plugin [org.elasticsearch.transport.Netty4Plugin]
Java HotSpot(TM) 64-Bit Server VM warning: Option UseConcMarkSweepGC was deprecated in version 9.0 and will likely be removed in a future release.
WARNING: An illegal reflective access operation has occurred
WARNING: Illegal reflective access by io.netty.util.internal.ReflectionUtil (file:/D:/GIT/ICE_DevOps/tmp/sonarqube-7.3/lib/common/netty-common-4.1.13.Final.jar) to constructor java.nio.DirectByteBuffer(long,int)
WARNING: Please consider reporting this to the maintainers of io.netty.util.internal.ReflectionUtil
WARNING: Use --illegal-access=warn to enable warnings of further illegal reflective access operations
WARNING: All illegal access operations will be denied in a future release
2018.10.04 12:59:38 WARN  app[][o.s.a.p.AbstractProcessMonitor] Process exited with exit value [es]: 1
2018.10.04 12:59:38 INFO  app[][o.s.a.SchedulerImpl] Process [es] is stopped
2018.10.04 12:59:38 INFO  app[][o.s.a.SchedulerImpl] SonarQube is stopped
2018.10.04 12:59:38 ERROR app[][o.s.a.p.EsProcessMonitor] Failed to check status
java.lang.IllegalStateException: Future got interrupted
	at org.elasticsearch.action.support.AdapterActionFuture.actionGet(AdapterActionFuture.java:45)
	at org.sonar.application.es.EsConnectorImpl.getClusterHealthStatus(EsConnectorImpl.java:64)
	at org.sonar.application.process.EsProcessMonitor.checkStatus(EsProcessMonitor.java:90)
	at org.sonar.application.process.EsProcessMonitor.checkOperational(EsProcessMonitor.java:75)
	at org.sonar.application.process.EsProcessMonitor.isOperational(EsProcessMonitor.java:60)
	at org.sonar.application.process.SQProcess.refreshState(SQProcess.java:161)
	at org.sonar.application.process.SQProcess$EventWatcher.run(SQProcess.java:220)
Caused by: java.lang.InterruptedException: null
	at java.base/java.util.concurrent.locks.AbstractQueuedSynchronizer.doAcquireSharedInterruptibly(Unknown Source)
	at java.base/java.util.concurrent.locks.AbstractQueuedSynchronizer.acquireSharedInterruptibly(Unknown Source)
	at org.elasticsearch.common.util.concurrent.BaseFuture$Sync.get(BaseFuture.java:248)
	at org.elasticsearch.common.util.concurrent.BaseFuture.get(BaseFuture.java:91)
	at org.elasticsearch.action.support.AdapterActionFuture.actionGet(AdapterActionFuture.java:42)
	... 6 common frames omitted
2018.10.04 12:59:39 INFO  app[][o.s.a.SchedulerImpl] Process[es] is up
2018.10.04 12:59:39 INFO  app[][o.s.a.p.ProcessLauncherImpl] Launch process[[key='web', ipcIndex=2, logFilenamePrefix=web]] from [D:\GIT\ICE_DevOps\tmp\sonarqube-7.3]: D:\Program Files\Java\jre-9.0.4\bin\java -Djava.awt.headless=true -Dfile.encoding=UTF-8 -Djava.io.tmpdir=D:\GIT\ICE_DevOps\tmp\sonarqube-7.3\temp -Xmx512m -Xms128m -XX:+HeapDumpOnOutOfMemoryError -cp ./lib/common/*;D:\GIT\ICE_DevOps\tmp\sonarqube-7.3\lib\jdbc\h2\h2-1.3.176.jar org.sonar.server.app.WebServer D:\GIT\ICE_DevOps\tmp\sonarqube-7.3\temp\sq-process17104463095767059066properties
<-- Wrapper Stopped
WARNING: An illegal reflective access operation has occurred
WARNING: Illegal reflective access by io.netty.util.internal.ReflectionUtil (file:/D:/GIT/ICE_DevOps/tmp/sonarqube-7.3/lib/common/netty-common-4.1.13.Final.jar) to constructor java.nio.DirectByteBuffer(long,int)
WARNING: Please consider reporting this to the maintainers of io.netty.util.internal.ReflectionUtil
WARNING: Use --illegal-access=warn to enable warnings of further illegal reflective access operations
WARNING: All illegal access operations will be denied in a future release
2018.10.04 13:01:11 INFO  app[][o.s.a.SchedulerImpl] Process[web] is up
2018.10.04 13:01:11 INFO  app[][o.s.a.p.ProcessLauncherImpl] Launch process[[key='ce', ipcIndex=3, logFilenamePrefix=ce]] from [D:\GIT\ICE_DevOps\tmp\sonarqube-7.3]: D:\Program Files\Java\jre-9.0.4\bin\java -Djava.awt.headless=true -Dfile.encoding=UTF-8 -Djava.io.tmpdir=D:\GIT\ICE_DevOps\tmp\sonarqube-7.3\temp -Xmx512m -Xms128m -XX:+HeapDumpOnOutOfMemoryError -cp ./lib/common/*;D:\GIT\ICE_DevOps\tmp\sonarqube-7.3\lib\jdbc\h2\h2-1.3.176.jar org.sonar.ce.app.CeServer D:\GIT\ICE_DevOps\tmp\sonarqube-7.3\temp\sq-process10436216676443524285properties
WARNING: An illegal reflective access operation has occurred
WARNING: Illegal reflective access by io.netty.util.internal.ReflectionUtil (file:/D:/GIT/ICE_DevOps/tmp/sonarqube-7.3/lib/common/netty-common-4.1.13.Final.jar) to constructor java.nio.DirectByteBuffer(long,int)
WARNING: Please consider reporting this to the maintainers of io.netty.util.internal.ReflectionUtil
WARNING: Use --illegal-access=warn to enable warnings of further illegal reflective access operations
WARNING: All illegal access operations will be denied in a future release
Stopping the SonarQube service...
2018.10.04 13:01:21 INFO  app[][o.s.a.SchedulerImpl] Stopping SonarQube
2018.10.04 13:01:22 INFO  app[][o.s.a.SchedulerImpl] Process [ce] is stopped
Waiting to stop...
2018.10.04 13:01:27 INFO  app[][o.s.a.SchedulerImpl] Process [web] is stopped
2018.10.04 13:01:27 INFO  app[][o.s.a.SchedulerImpl] Process [es] is stopped
2018.10.04 13:01:27 INFO  app[][o.s.a.SchedulerImpl] SonarQube is stopped
<-- Wrapper Stopped
SonarQube stopped.
